[0.013s] Invoking command in '/home/seojin/prac/build/tutorial_interfaces': CMAKE_PREFIX_PATH=/home/seojin/prac/install/my_robot_controller:/opt/ros/humble /usr/bin/cmake /home/seojin/prac/src/tutorial_interfaces -DCMAKE_INSTALL_PREFIX=/home/seojin/prac/install/tutorial_interfaces
[0.027s] -- Found ament_cmake: 1.3.9 (/opt/ros/humble/share/ament_cmake/cmake)
[0.219s] -- Found geometry_msgs: 4.2.4 (/opt/ros/humble/share/geometry_msgs/cmake)
[0.253s] -- Found rosidl_generator_c: 3.1.5 (/opt/ros/humble/share/rosidl_generator_c/cmake)
[0.257s] -- Found rosidl_adapter: 3.1.5 (/opt/ros/humble/share/rosidl_adapter/cmake)
[0.264s] -- Found rosidl_generator_cpp: 3.1.5 (/opt/ros/humble/share/rosidl_generator_cpp/cmake)
[0.278s] -- Using all available rosidl_typesupport_c: rosidl_typesupport_fastrtps_c;rosidl_typesupport_introspection_c
[0.298s] -- Using all available rosidl_typesupport_cpp: rosidl_typesupport_fastrtps_cpp;rosidl_typesupport_introspection_cpp
[0.462s] -- Found rosidl_default_generators: 1.2.0 (/opt/ros/humble/share/rosidl_default_generators/cmake)
[0.846s] -- Found ament_cmake_ros: 0.10.0 (/opt/ros/humble/share/ament_cmake_ros/cmake)
[1.483s] -- Using all available rosidl_typesupport_c: rosidl_typesupport_fastrtps_c;rosidl_typesupport_introspection_c
[1.718s] -- Using all available rosidl_typesupport_cpp: rosidl_typesupport_fastrtps_cpp;rosidl_typesupport_introspection_cpp
[1.750s] -- Found PythonInterp: /usr/bin/python3 (found suitable version "3.10.12", minimum required is "3.6") 
[1.753s] -- Found python_cmake_module: 0.10.0 (/opt/ros/humble/share/python_cmake_module/cmake)
[1.792s] -- Found PythonLibs: /usr/lib/x86_64-linux-gnu/libpython3.10.so (found suitable version "3.10.12", minimum required is "3.5") 
[1.793s] -- Using PYTHON_EXECUTABLE: /usr/bin/python3
[1.793s] -- Using PYTHON_INCLUDE_DIRS: /usr/include/python3.10
[1.793s] -- Using PYTHON_LIBRARIES: /usr/lib/x86_64-linux-gnu/libpython3.10.so
[1.820s] -- Found PythonExtra: .so  
[1.937s] -- Found ament_lint_auto: 0.12.11 (/opt/ros/humble/share/ament_lint_auto/cmake)
[1.969s] -- Added test 'lint_cmake' to check CMake code style
[1.972s] -- Added test 'xmllint' to check XML markup files
[1.975s] -- Configuring done
[2.023s] -- Generating done
[2.026s] -- Build files have been written to: /home/seojin/prac/build/tutorial_interfaces
[2.037s] Invoked command in '/home/seojin/prac/build/tutorial_interfaces' returned '0': CMAKE_PREFIX_PATH=/home/seojin/prac/install/my_robot_controller:/opt/ros/humble /usr/bin/cmake /home/seojin/prac/src/tutorial_interfaces -DCMAKE_INSTALL_PREFIX=/home/seojin/prac/install/tutorial_interfaces
[2.039s] Invoking command in '/home/seojin/prac/build/tutorial_interfaces': CMAKE_PREFIX_PATH=/home/seojin/prac/install/my_robot_controller:/opt/ros/humble /usr/bin/cmake --build /home/seojin/prac/build/tutorial_interfaces -- -j4 -l4
[2.086s] [  2%] [34m[1mGenerating C code for ROS interfaces[0m
[2.104s] [  4%] [34m[1mGenerating C++ code for ROS interfaces[0m
[2.114s] [  4%] Built target ament_cmake_python_copy_tutorial_interfaces
[2.658s] running egg_info
[2.659s] creating tutorial_interfaces.egg-info
[2.659s] writing tutorial_interfaces.egg-info/PKG-INFO
[2.659s] writing dependency_links to tutorial_interfaces.egg-info/dependency_links.txt
[2.660s] writing top-level names to tutorial_interfaces.egg-info/top_level.txt
[2.660s] writing manifest file 'tutorial_interfaces.egg-info/SOURCES.txt'
[2.664s] reading manifest file 'tutorial_interfaces.egg-info/SOURCES.txt'
[2.665s] writing manifest file 'tutorial_interfaces.egg-info/SOURCES.txt'
[2.712s] [  4%] Built target ament_cmake_python_build_tutorial_interfaces_egg
[2.882s] [  4%] Built target tutorial_interfaces__cpp
[2.899s] [  6%] [34m[1mGenerating C++ type support dispatch for ROS interfaces[0m
[2.901s] [  8%] [34m[1mGenerating C++ type support for eProsima Fast-RTPS[0m
[2.913s] [ 10%] [34m[1mGenerating C++ introspection for ROS interfaces[0m
[3.501s] [ 12%] [32mBuilding C object CMakeFiles/tutorial_interfaces__rosidl_generator_c.dir/rosidl_generator_c/tutorial_interfaces/msg/detail/num__functions.c.o[0m
[3.656s] [ 14%] [32mBuilding CXX object CMakeFiles/tutorial_interfaces__rosidl_typesupport_cpp.dir/rosidl_typesupport_cpp/tutorial_interfaces/msg/num__type_support.cpp.o[0m
[3.668s] [ 17%] [32mBuilding C object CMakeFiles/tutorial_interfaces__rosidl_generator_c.dir/rosidl_generator_c/tutorial_interfaces/msg/detail/sphere__functions.c.o[0m
[3.817s] [ 19%] [32mBuilding C object CMakeFiles/tutorial_interfaces__rosidl_generator_c.dir/rosidl_generator_c/tutorial_interfaces/srv/detail/add_three_ints__functions.c.o[0m
[3.944s] [ 21%] [32m[1mLinking C shared library libtutorial_interfaces__rosidl_generator_c.so[0m
[3.967s] [ 23%] [32mBuilding CXX object CMakeFiles/tutorial_interfaces__rosidl_typesupport_fastrtps_cpp.dir/rosidl_typesupport_fastrtps_cpp/tutorial_interfaces/msg/detail/dds_fastrtps/num__type_support.cpp.o[0m
[4.028s] [ 25%] [32mBuilding CXX object CMakeFiles/tutorial_interfaces__rosidl_typesupport_introspection_cpp.dir/rosidl_typesupport_introspection_cpp/tutorial_interfaces/msg/detail/num__type_support.cpp.o[0m
[4.056s] [ 25%] Built target tutorial_interfaces__rosidl_generator_c
[4.097s] [ 27%] [32mBuilding CXX object CMakeFiles/tutorial_interfaces__rosidl_typesupport_fastrtps_cpp.dir/rosidl_typesupport_fastrtps_cpp/tutorial_interfaces/msg/detail/dds_fastrtps/sphere__type_support.cpp.o[0m
[4.437s] [ 29%] [32mBuilding CXX object CMakeFiles/tutorial_interfaces__rosidl_typesupport_cpp.dir/rosidl_typesupport_cpp/tutorial_interfaces/msg/sphere__type_support.cpp.o[0m
[4.974s] [ 31%] [32mBuilding CXX object CMakeFiles/tutorial_interfaces__rosidl_typesupport_cpp.dir/rosidl_typesupport_cpp/tutorial_interfaces/srv/add_three_ints__type_support.cpp.o[0m
[5.036s] [ 34%] [32mBuilding CXX object CMakeFiles/tutorial_interfaces__rosidl_typesupport_introspection_cpp.dir/rosidl_typesupport_introspection_cpp/tutorial_interfaces/msg/detail/sphere__type_support.cpp.o[0m
[5.201s] [ 36%] [32mBuilding CXX object CMakeFiles/tutorial_interfaces__rosidl_typesupport_introspection_cpp.dir/rosidl_typesupport_introspection_cpp/tutorial_interfaces/srv/detail/add_three_ints__type_support.cpp.o[0m
[5.225s] [ 38%] [32mBuilding CXX object CMakeFiles/tutorial_interfaces__rosidl_typesupport_fastrtps_cpp.dir/rosidl_typesupport_fastrtps_cpp/tutorial_interfaces/srv/detail/dds_fastrtps/add_three_ints__type_support.cpp.o[0m
[5.713s] [ 40%] [32m[1mLinking CXX shared library libtutorial_interfaces__rosidl_typesupport_cpp.so[0m
[5.910s] [ 40%] Built target tutorial_interfaces__rosidl_typesupport_cpp
[5.930s] [ 42%] [34m[1mGenerating C type support for eProsima Fast-RTPS[0m
[6.043s] [ 44%] [34m[1mGenerating C introspection for ROS interfaces[0m
[6.355s] [ 46%] [32m[1mLinking CXX shared library libtutorial_interfaces__rosidl_typesupport_introspection_cpp.so[0m
[6.395s] [ 48%] [32m[1mLinking CXX shared library libtutorial_interfaces__rosidl_typesupport_fastrtps_cpp.so[0m
[6.545s] [ 48%] Built target tutorial_interfaces__rosidl_typesupport_introspection_cpp
[6.617s] [ 51%] [34m[1mGenerating C type support dispatch for ROS interfaces[0m
[6.659s] [ 51%] Built target tutorial_interfaces__rosidl_typesupport_fastrtps_cpp
[6.932s] [ 53%] [32mBuilding CXX object CMakeFiles/tutorial_interfaces__rosidl_typesupport_fastrtps_c.dir/rosidl_typesupport_fastrtps_c/tutorial_interfaces/msg/detail/num__type_support_c.cpp.o[0m
[6.991s] [ 55%] [32mBuilding CXX object CMakeFiles/tutorial_interfaces__rosidl_typesupport_fastrtps_c.dir/rosidl_typesupport_fastrtps_c/tutorial_interfaces/msg/detail/sphere__type_support_c.cpp.o[0m
[7.006s] [ 57%] [32mBuilding C object CMakeFiles/tutorial_interfaces__rosidl_typesupport_introspection_c.dir/rosidl_typesupport_introspection_c/tutorial_interfaces/msg/detail/num__type_support.c.o[0m
[7.136s] [ 59%] [32mBuilding C object CMakeFiles/tutorial_interfaces__rosidl_typesupport_introspection_c.dir/rosidl_typesupport_introspection_c/tutorial_interfaces/msg/detail/sphere__type_support.c.o[0m
[7.273s] [ 61%] [32mBuilding C object CMakeFiles/tutorial_interfaces__rosidl_typesupport_introspection_c.dir/rosidl_typesupport_introspection_c/tutorial_interfaces/srv/detail/add_three_ints__type_support.c.o[0m
[7.396s] [ 63%] [32m[1mLinking C shared library libtutorial_interfaces__rosidl_typesupport_introspection_c.so[0m
[7.528s] [ 63%] Built target tutorial_interfaces__rosidl_typesupport_introspection_c
[7.542s] [ 65%] [32mBuilding CXX object CMakeFiles/tutorial_interfaces__rosidl_typesupport_c.dir/rosidl_typesupport_c/tutorial_interfaces/msg/sphere__type_support.cpp.o[0m
[7.548s] [ 68%] [32mBuilding CXX object CMakeFiles/tutorial_interfaces__rosidl_typesupport_c.dir/rosidl_typesupport_c/tutorial_interfaces/msg/num__type_support.cpp.o[0m
[7.657s] [ 70%] [32mBuilding CXX object CMakeFiles/tutorial_interfaces__rosidl_typesupport_c.dir/rosidl_typesupport_c/tutorial_interfaces/srv/add_three_ints__type_support.cpp.o[0m
[7.714s] [ 72%] [32mBuilding CXX object CMakeFiles/tutorial_interfaces__rosidl_typesupport_fastrtps_c.dir/rosidl_typesupport_fastrtps_c/tutorial_interfaces/srv/detail/add_three_ints__type_support_c.cpp.o[0m
[7.816s] [ 74%] [32m[1mLinking CXX shared library libtutorial_interfaces__rosidl_typesupport_c.so[0m
[7.932s] [ 74%] Built target tutorial_interfaces__rosidl_typesupport_c
[8.413s] [ 76%] [32m[1mLinking CXX shared library libtutorial_interfaces__rosidl_typesupport_fastrtps_c.so[0m
[8.525s] [ 76%] Built target tutorial_interfaces__rosidl_typesupport_fastrtps_c
[8.548s] [ 76%] Built target tutorial_interfaces
[8.571s] [ 78%] [34m[1mGenerating Python code for ROS interfaces[0m
[9.261s] [ 78%] Built target tutorial_interfaces__py
[9.288s] [ 82%] [32mBuilding C object CMakeFiles/tutorial_interfaces__rosidl_generator_py.dir/rosidl_generator_py/tutorial_interfaces/msg/_num_s.c.o[0m
[9.288s] [ 82%] [32mBuilding C object CMakeFiles/tutorial_interfaces__rosidl_generator_py.dir/rosidl_generator_py/tutorial_interfaces/srv/_add_three_ints_s.c.o[0m
[9.316s] [ 85%] [32mBuilding C object CMakeFiles/tutorial_interfaces__rosidl_generator_py.dir/rosidl_generator_py/tutorial_interfaces/msg/_sphere_s.c.o[0m
[9.587s] [ 87%] [32m[1mLinking C shared library rosidl_generator_py/tutorial_interfaces/libtutorial_interfaces__rosidl_generator_py.so[0m
[9.649s] [ 87%] Built target tutorial_interfaces__rosidl_generator_py
[9.684s] [ 89%] [32mBuilding C object CMakeFiles/tutorial_interfaces__rosidl_typesupport_c__pyext.dir/rosidl_generator_py/tutorial_interfaces/_tutorial_interfaces_s.ep.rosidl_typesupport_c.c.o[0m
[9.685s] [ 91%] [32mBuilding C object CMakeFiles/tutorial_interfaces__rosidl_typesupport_introspection_c__pyext.dir/rosidl_generator_py/tutorial_interfaces/_tutorial_interfaces_s.ep.rosidl_typesupport_introspection_c.c.o[0m
[9.687s] [ 93%] [32mBuilding C object CMakeFiles/tutorial_interfaces__rosidl_typesupport_fastrtps_c__pyext.dir/rosidl_generator_py/tutorial_interfaces/_tutorial_interfaces_s.ep.rosidl_typesupport_fastrtps_c.c.o[0m
[9.940s] [ 95%] [32m[1mLinking C shared library rosidl_generator_py/tutorial_interfaces/tutorial_interfaces_s__rosidl_typesupport_c.cpython-310-x86_64-linux-gnu.so[0m
[9.966s] [ 97%] [32m[1mLinking C shared library rosidl_generator_py/tutorial_interfaces/tutorial_interfaces_s__rosidl_typesupport_fastrtps_c.cpython-310-x86_64-linux-gnu.so[0m
[10.013s] [100%] [32m[1mLinking C shared library rosidl_generator_py/tutorial_interfaces/tutorial_interfaces_s__rosidl_typesupport_introspection_c.cpython-310-x86_64-linux-gnu.so[0m
[10.035s] [100%] Built target tutorial_interfaces__rosidl_typesupport_c__pyext
[10.069s] [100%] Built target tutorial_interfaces__rosidl_typesupport_fastrtps_c__pyext
[10.106s] [100%] Built target tutorial_interfaces__rosidl_typesupport_introspection_c__pyext
[10.122s] Invoked command in '/home/seojin/prac/build/tutorial_interfaces' returned '0': CMAKE_PREFIX_PATH=/home/seojin/prac/install/my_robot_controller:/opt/ros/humble /usr/bin/cmake --build /home/seojin/prac/build/tutorial_interfaces -- -j4 -l4
[10.245s] Invoking command in '/home/seojin/prac/build/tutorial_interfaces': CMAKE_PREFIX_PATH=/home/seojin/prac/install/my_robot_controller:/opt/ros/humble /usr/bin/cmake --install /home/seojin/prac/build/tutorial_interfaces
[10.254s] -- Install configuration: ""
[10.255s] -- Installing: /home/seojin/prac/install/tutorial_interfaces/share/ament_index/resource_index/rosidl_interfaces/tutorial_interfaces
[10.256s] -- Installing: /home/seojin/prac/install/tutorial_interfaces/include/tutorial_interfaces/tutorial_interfaces
[10.256s] -- Installing: /home/seojin/prac/install/tutorial_interfaces/include/tutorial_interfaces/tutorial_interfaces/msg
[10.256s] -- Installing: /home/seojin/prac/install/tutorial_interfaces/include/tutorial_interfaces/tutorial_interfaces/msg/sphere.h
[10.257s] -- Installing: /home/seojin/prac/install/tutorial_interfaces/include/tutorial_interfaces/tutorial_interfaces/msg/rosidl_generator_c__visibility_control.h
[10.257s] -- Installing: /home/seojin/prac/install/tutorial_interfaces/include/tutorial_interfaces/tutorial_interfaces/msg/num.h
[10.257s] -- Installing: /home/seojin/prac/install/tutorial_interfaces/include/tutorial_interfaces/tutorial_interfaces/msg/detail
[10.258s] -- Installing: /home/seojin/prac/install/tutorial_interfaces/include/tutorial_interfaces/tutorial_interfaces/msg/detail/num__type_support.h
[10.258s] -- Installing: /home/seojin/prac/install/tutorial_interfaces/include/tutorial_interfaces/tutorial_interfaces/msg/detail/sphere__struct.h
[10.258s] -- Installing: /home/seojin/prac/install/tutorial_interfaces/include/tutorial_interfaces/tutorial_interfaces/msg/detail/num__functions.h
[10.258s] -- Installing: /home/seojin/prac/install/tutorial_interfaces/include/tutorial_interfaces/tutorial_interfaces/msg/detail/num__struct.h
[10.258s] -- Installing: /home/seojin/prac/install/tutorial_interfaces/include/tutorial_interfaces/tutorial_interfaces/msg/detail/sphere__type_support.h
[10.259s] -- Installing: /home/seojin/prac/install/tutorial_interfaces/include/tutorial_interfaces/tutorial_interfaces/msg/detail/sphere__functions.c
[10.259s] -- Installing: /home/seojin/prac/install/tutorial_interfaces/include/tutorial_interfaces/tutorial_interfaces/msg/detail/num__functions.c
[10.259s] -- Installing: /home/seojin/prac/install/tutorial_interfaces/include/tutorial_interfaces/tutorial_interfaces/msg/detail/sphere__functions.h
[10.259s] -- Installing: /home/seojin/prac/install/tutorial_interfaces/include/tutorial_interfaces/tutorial_interfaces/srv
[10.259s] -- Installing: /home/seojin/prac/install/tutorial_interfaces/include/tutorial_interfaces/tutorial_interfaces/srv/add_three_ints.h
[10.260s] -- Installing: /home/seojin/prac/install/tutorial_interfaces/include/tutorial_interfaces/tutorial_interfaces/srv/detail
[10.260s] -- Installing: /home/seojin/prac/install/tutorial_interfaces/include/tutorial_interfaces/tutorial_interfaces/srv/detail/add_three_ints__struct.h
[10.260s] -- Installing: /home/seojin/prac/install/tutorial_interfaces/include/tutorial_interfaces/tutorial_interfaces/srv/detail/add_three_ints__type_support.h
[10.260s] -- Installing: /home/seojin/prac/install/tutorial_interfaces/include/tutorial_interfaces/tutorial_interfaces/srv/detail/add_three_ints__functions.c
[10.260s] -- Installing: /home/seojin/prac/install/tutorial_interfaces/include/tutorial_interfaces/tutorial_interfaces/srv/detail/add_three_ints__functions.h
[10.261s] -- Installing: /home/seojin/prac/install/tutorial_interfaces/share/tutorial_interfaces/environment/library_path.sh
[10.261s] -- Installing: /home/seojin/prac/install/tutorial_interfaces/share/tutorial_interfaces/environment/library_path.dsv
[10.261s] -- Installing: /home/seojin/prac/install/tutorial_interfaces/lib/libtutorial_interfaces__rosidl_generator_c.so
[10.261s] -- Set runtime path of "/home/seojin/prac/install/tutorial_interfaces/lib/libtutorial_interfaces__rosidl_generator_c.so" to ""
[10.262s] -- Up-to-date: /home/seojin/prac/install/tutorial_interfaces/include/tutorial_interfaces/tutorial_interfaces
[10.262s] -- Up-to-date: /home/seojin/prac/install/tutorial_interfaces/include/tutorial_interfaces/tutorial_interfaces/msg
[10.262s] -- Installing: /home/seojin/prac/install/tutorial_interfaces/include/tutorial_interfaces/tutorial_interfaces/msg/rosidl_typesupport_fastrtps_c__visibility_control.h
[10.262s] -- Up-to-date: /home/seojin/prac/install/tutorial_interfaces/include/tutorial_interfaces/tutorial_interfaces/msg/detail
[10.263s] -- Installing: /home/seojin/prac/install/tutorial_interfaces/include/tutorial_interfaces/tutorial_interfaces/msg/detail/num__rosidl_typesupport_fastrtps_c.h
[10.263s] -- Installing: /home/seojin/prac/install/tutorial_interfaces/include/tutorial_interfaces/tutorial_interfaces/msg/detail/sphere__rosidl_typesupport_fastrtps_c.h
[10.263s] -- Up-to-date: /home/seojin/prac/install/tutorial_interfaces/include/tutorial_interfaces/tutorial_interfaces/srv
[10.263s] -- Up-to-date: /home/seojin/prac/install/tutorial_interfaces/include/tutorial_interfaces/tutorial_interfaces/srv/detail
[10.264s] -- Installing: /home/seojin/prac/install/tutorial_interfaces/include/tutorial_interfaces/tutorial_interfaces/srv/detail/add_three_ints__rosidl_typesupport_fastrtps_c.h
[10.264s] -- Installing: /home/seojin/prac/install/tutorial_interfaces/lib/libtutorial_interfaces__rosidl_typesupport_fastrtps_c.so
[10.264s] -- Set runtime path of "/home/seojin/prac/install/tutorial_interfaces/lib/libtutorial_interfaces__rosidl_typesupport_fastrtps_c.so" to ""
[10.264s] -- Up-to-date: /home/seojin/prac/install/tutorial_interfaces/include/tutorial_interfaces/tutorial_interfaces
[10.264s] -- Up-to-date: /home/seojin/prac/install/tutorial_interfaces/include/tutorial_interfaces/tutorial_interfaces/msg
[10.265s] -- Installing: /home/seojin/prac/install/tutorial_interfaces/include/tutorial_interfaces/tutorial_interfaces/msg/sphere.hpp
[10.265s] -- Installing: /home/seojin/prac/install/tutorial_interfaces/include/tutorial_interfaces/tutorial_interfaces/msg/num.hpp
[10.265s] -- Up-to-date: /home/seojin/prac/install/tutorial_interfaces/include/tutorial_interfaces/tutorial_interfaces/msg/detail
[10.265s] -- Installing: /home/seojin/prac/install/tutorial_interfaces/include/tutorial_interfaces/tutorial_interfaces/msg/detail/sphere__builder.hpp
[10.266s] -- Installing: /home/seojin/prac/install/tutorial_interfaces/include/tutorial_interfaces/tutorial_interfaces/msg/detail/num__struct.hpp
[10.266s] -- Installing: /home/seojin/prac/install/tutorial_interfaces/include/tutorial_interfaces/tutorial_interfaces/msg/detail/sphere__struct.hpp
[10.266s] -- Installing: /home/seojin/prac/install/tutorial_interfaces/include/tutorial_interfaces/tutorial_interfaces/msg/detail/num__traits.hpp
[10.266s] -- Installing: /home/seojin/prac/install/tutorial_interfaces/include/tutorial_interfaces/tutorial_interfaces/msg/detail/num__builder.hpp
[10.267s] -- Installing: /home/seojin/prac/install/tutorial_interfaces/include/tutorial_interfaces/tutorial_interfaces/msg/detail/sphere__traits.hpp
[10.267s] -- Up-to-date: /home/seojin/prac/install/tutorial_interfaces/include/tutorial_interfaces/tutorial_interfaces/srv
[10.267s] -- Up-to-date: /home/seojin/prac/install/tutorial_interfaces/include/tutorial_interfaces/tutorial_interfaces/srv/detail
[10.267s] -- Installing: /home/seojin/prac/install/tutorial_interfaces/include/tutorial_interfaces/tutorial_interfaces/srv/detail/add_three_ints__struct.hpp
[10.267s] -- Installing: /home/seojin/prac/install/tutorial_interfaces/include/tutorial_interfaces/tutorial_interfaces/srv/detail/add_three_ints__builder.hpp
[10.267s] -- Installing: /home/seojin/prac/install/tutorial_interfaces/include/tutorial_interfaces/tutorial_interfaces/srv/detail/add_three_ints__traits.hpp
[10.268s] -- Installing: /home/seojin/prac/install/tutorial_interfaces/include/tutorial_interfaces/tutorial_interfaces/srv/add_three_ints.hpp
[10.268s] -- Up-to-date: /home/seojin/prac/install/tutorial_interfaces/include/tutorial_interfaces/tutorial_interfaces
[10.268s] -- Up-to-date: /home/seojin/prac/install/tutorial_interfaces/include/tutorial_interfaces/tutorial_interfaces/msg
[10.268s] -- Installing: /home/seojin/prac/install/tutorial_interfaces/include/tutorial_interfaces/tutorial_interfaces/msg/rosidl_typesupport_fastrtps_cpp__visibility_control.h
[10.269s] -- Up-to-date: /home/seojin/prac/install/tutorial_interfaces/include/tutorial_interfaces/tutorial_interfaces/msg/detail
[10.269s] -- Installing: /home/seojin/prac/install/tutorial_interfaces/include/tutorial_interfaces/tutorial_interfaces/msg/detail/sphere__rosidl_typesupport_fastrtps_cpp.hpp
[10.269s] -- Installing: /home/seojin/prac/install/tutorial_interfaces/include/tutorial_interfaces/tutorial_interfaces/msg/detail/num__rosidl_typesupport_fastrtps_cpp.hpp
[10.269s] -- Installing: /home/seojin/prac/install/tutorial_interfaces/include/tutorial_interfaces/tutorial_interfaces/msg/detail/dds_fastrtps
[10.270s] -- Up-to-date: /home/seojin/prac/install/tutorial_interfaces/include/tutorial_interfaces/tutorial_interfaces/srv
[10.270s] -- Up-to-date: /home/seojin/prac/install/tutorial_interfaces/include/tutorial_interfaces/tutorial_interfaces/srv/detail
[10.270s] -- Installing: /home/seojin/prac/install/tutorial_interfaces/include/tutorial_interfaces/tutorial_interfaces/srv/detail/dds_fastrtps
[10.270s] -- Installing: /home/seojin/prac/install/tutorial_interfaces/include/tutorial_interfaces/tutorial_interfaces/srv/detail/add_three_ints__rosidl_typesupport_fastrtps_cpp.hpp
[10.270s] -- Installing: /home/seojin/prac/install/tutorial_interfaces/lib/libtutorial_interfaces__rosidl_typesupport_fastrtps_cpp.so
[10.271s] -- Set runtime path of "/home/seojin/prac/install/tutorial_interfaces/lib/libtutorial_interfaces__rosidl_typesupport_fastrtps_cpp.so" to ""
[10.271s] -- Up-to-date: /home/seojin/prac/install/tutorial_interfaces/include/tutorial_interfaces/tutorial_interfaces
[10.271s] -- Up-to-date: /home/seojin/prac/install/tutorial_interfaces/include/tutorial_interfaces/tutorial_interfaces/msg
[10.271s] -- Installing: /home/seojin/prac/install/tutorial_interfaces/include/tutorial_interfaces/tutorial_interfaces/msg/rosidl_typesupport_introspection_c__visibility_control.h
[10.272s] -- Up-to-date: /home/seojin/prac/install/tutorial_interfaces/include/tutorial_interfaces/tutorial_interfaces/msg/detail
[10.272s] -- Installing: /home/seojin/prac/install/tutorial_interfaces/include/tutorial_interfaces/tutorial_interfaces/msg/detail/sphere__type_support.c
[10.272s] -- Installing: /home/seojin/prac/install/tutorial_interfaces/include/tutorial_interfaces/tutorial_interfaces/msg/detail/num__rosidl_typesupport_introspection_c.h
[10.275s] -- Installing: /home/seojin/prac/install/tutorial_interfaces/include/tutorial_interfaces/tutorial_interfaces/msg/detail/sphere__rosidl_typesupport_introspection_c.h
[10.275s] -- Installing: /home/seojin/prac/install/tutorial_interfaces/include/tutorial_interfaces/tutorial_interfaces/msg/detail/num__type_support.c
[10.276s] -- Up-to-date: /home/seojin/prac/install/tutorial_interfaces/include/tutorial_interfaces/tutorial_interfaces/srv
[10.276s] -- Up-to-date: /home/seojin/prac/install/tutorial_interfaces/include/tutorial_interfaces/tutorial_interfaces/srv/detail
[10.276s] -- Installing: /home/seojin/prac/install/tutorial_interfaces/include/tutorial_interfaces/tutorial_interfaces/srv/detail/add_three_ints__type_support.c
[10.276s] -- Installing: /home/seojin/prac/install/tutorial_interfaces/include/tutorial_interfaces/tutorial_interfaces/srv/detail/add_three_ints__rosidl_typesupport_introspection_c.h
[10.277s] -- Installing: /home/seojin/prac/install/tutorial_interfaces/lib/libtutorial_interfaces__rosidl_typesupport_introspection_c.so
[10.277s] -- Set runtime path of "/home/seojin/prac/install/tutorial_interfaces/lib/libtutorial_interfaces__rosidl_typesupport_introspection_c.so" to ""
[10.277s] -- Installing: /home/seojin/prac/install/tutorial_interfaces/lib/libtutorial_interfaces__rosidl_typesupport_c.so
[10.277s] -- Set runtime path of "/home/seojin/prac/install/tutorial_interfaces/lib/libtutorial_interfaces__rosidl_typesupport_c.so" to ""
[10.278s] -- Up-to-date: /home/seojin/prac/install/tutorial_interfaces/include/tutorial_interfaces/tutorial_interfaces
[10.278s] -- Up-to-date: /home/seojin/prac/install/tutorial_interfaces/include/tutorial_interfaces/tutorial_interfaces/msg
[10.278s] -- Up-to-date: /home/seojin/prac/install/tutorial_interfaces/include/tutorial_interfaces/tutorial_interfaces/msg/detail
[10.278s] -- Installing: /home/seojin/prac/install/tutorial_interfaces/include/tutorial_interfaces/tutorial_interfaces/msg/detail/sphere__type_support.cpp
[10.279s] -- Installing: /home/seojin/prac/install/tutorial_interfaces/include/tutorial_interfaces/tutorial_interfaces/msg/detail/num__rosidl_typesupport_introspection_cpp.hpp
[10.279s] -- Installing: /home/seojin/prac/install/tutorial_interfaces/include/tutorial_interfaces/tutorial_interfaces/msg/detail/num__type_support.cpp
[10.279s] -- Installing: /home/seojin/prac/install/tutorial_interfaces/include/tutorial_interfaces/tutorial_interfaces/msg/detail/sphere__rosidl_typesupport_introspection_cpp.hpp
[10.279s] -- Up-to-date: /home/seojin/prac/install/tutorial_interfaces/include/tutorial_interfaces/tutorial_interfaces/srv
[10.279s] -- Up-to-date: /home/seojin/prac/install/tutorial_interfaces/include/tutorial_interfaces/tutorial_interfaces/srv/detail
[10.279s] -- Installing: /home/seojin/prac/install/tutorial_interfaces/include/tutorial_interfaces/tutorial_interfaces/srv/detail/add_three_ints__type_support.cpp
[10.279s] -- Installing: /home/seojin/prac/install/tutorial_interfaces/include/tutorial_interfaces/tutorial_interfaces/srv/detail/add_three_ints__rosidl_typesupport_introspection_cpp.hpp
[10.279s] -- Installing: /home/seojin/prac/install/tutorial_interfaces/lib/libtutorial_interfaces__rosidl_typesupport_introspection_cpp.so
[10.280s] -- Set runtime path of "/home/seojin/prac/install/tutorial_interfaces/lib/libtutorial_interfaces__rosidl_typesupport_introspection_cpp.so" to ""
[10.280s] -- Installing: /home/seojin/prac/install/tutorial_interfaces/lib/libtutorial_interfaces__rosidl_typesupport_cpp.so
[10.280s] -- Set runtime path of "/home/seojin/prac/install/tutorial_interfaces/lib/libtutorial_interfaces__rosidl_typesupport_cpp.so" to ""
[10.280s] -- Installing: /home/seojin/prac/install/tutorial_interfaces/share/tutorial_interfaces/environment/pythonpath.sh
[10.280s] -- Installing: /home/seojin/prac/install/tutorial_interfaces/share/tutorial_interfaces/environment/pythonpath.dsv
[10.280s] -- Installing: /home/seojin/prac/install/tutorial_interfaces/local/lib/python3.10/dist-packages/tutorial_interfaces-0.0.0-py3.10.egg-info
[10.280s] -- Installing: /home/seojin/prac/install/tutorial_interfaces/local/lib/python3.10/dist-packages/tutorial_interfaces-0.0.0-py3.10.egg-info/PKG-INFO
[10.280s] -- Installing: /home/seojin/prac/install/tutorial_interfaces/local/lib/python3.10/dist-packages/tutorial_interfaces-0.0.0-py3.10.egg-info/dependency_links.txt
[10.280s] -- Installing: /home/seojin/prac/install/tutorial_interfaces/local/lib/python3.10/dist-packages/tutorial_interfaces-0.0.0-py3.10.egg-info/SOURCES.txt
[10.280s] -- Installing: /home/seojin/prac/install/tutorial_interfaces/local/lib/python3.10/dist-packages/tutorial_interfaces-0.0.0-py3.10.egg-info/top_level.txt
[10.280s] -- Installing: /home/seojin/prac/install/tutorial_interfaces/local/lib/python3.10/dist-packages/tutorial_interfaces
[10.280s] -- Installing: /home/seojin/prac/install/tutorial_interfaces/local/lib/python3.10/dist-packages/tutorial_interfaces/libtutorial_interfaces__rosidl_generator_py.so
[10.280s] -- Installing: /home/seojin/prac/install/tutorial_interfaces/local/lib/python3.10/dist-packages/tutorial_interfaces/tutorial_interfaces_s__rosidl_typesupport_introspection_c.cpython-310-x86_64-linux-gnu.so
[10.280s] -- Installing: /home/seojin/prac/install/tutorial_interfaces/local/lib/python3.10/dist-packages/tutorial_interfaces/tutorial_interfaces_s__rosidl_typesupport_c.cpython-310-x86_64-linux-gnu.so
[10.281s] -- Installing: /home/seojin/prac/install/tutorial_interfaces/local/lib/python3.10/dist-packages/tutorial_interfaces/msg
[10.281s] -- Installing: /home/seojin/prac/install/tutorial_interfaces/local/lib/python3.10/dist-packages/tutorial_interfaces/msg/_sphere_s.c
[10.281s] -- Installing: /home/seojin/prac/install/tutorial_interfaces/local/lib/python3.10/dist-packages/tutorial_interfaces/msg/_num.py
[10.281s] -- Installing: /home/seojin/prac/install/tutorial_interfaces/local/lib/python3.10/dist-packages/tutorial_interfaces/msg/_sphere.py
[10.281s] -- Installing: /home/seojin/prac/install/tutorial_interfaces/local/lib/python3.10/dist-packages/tutorial_interfaces/msg/__init__.py
[10.281s] -- Installing: /home/seojin/prac/install/tutorial_interfaces/local/lib/python3.10/dist-packages/tutorial_interfaces/msg/_num_s.c
[10.281s] -- Installing: /home/seojin/prac/install/tutorial_interfaces/local/lib/python3.10/dist-packages/tutorial_interfaces/_tutorial_interfaces_s.ep.rosidl_typesupport_c.c
[10.281s] -- Installing: /home/seojin/prac/install/tutorial_interfaces/local/lib/python3.10/dist-packages/tutorial_interfaces/_tutorial_interfaces_s.ep.rosidl_typesupport_introspection_c.c
[10.281s] -- Installing: /home/seojin/prac/install/tutorial_interfaces/local/lib/python3.10/dist-packages/tutorial_interfaces/srv
[10.281s] -- Installing: /home/seojin/prac/install/tutorial_interfaces/local/lib/python3.10/dist-packages/tutorial_interfaces/srv/_add_three_ints_s.c
[10.281s] -- Installing: /home/seojin/prac/install/tutorial_interfaces/local/lib/python3.10/dist-packages/tutorial_interfaces/srv/__init__.py
[10.281s] -- Installing: /home/seojin/prac/install/tutorial_interfaces/local/lib/python3.10/dist-packages/tutorial_interfaces/srv/_add_three_ints.py
[10.281s] -- Installing: /home/seojin/prac/install/tutorial_interfaces/local/lib/python3.10/dist-packages/tutorial_interfaces/__init__.py
[10.281s] -- Installing: /home/seojin/prac/install/tutorial_interfaces/local/lib/python3.10/dist-packages/tutorial_interfaces/tutorial_interfaces_s__rosidl_typesupport_fastrtps_c.cpython-310-x86_64-linux-gnu.so
[10.281s] -- Installing: /home/seojin/prac/install/tutorial_interfaces/local/lib/python3.10/dist-packages/tutorial_interfaces/_tutorial_interfaces_s.ep.rosidl_typesupport_fastrtps_c.c
[10.350s] Listing '/home/seojin/prac/install/tutorial_interfaces/local/lib/python3.10/dist-packages/tutorial_interfaces'...
[10.350s] Compiling '/home/seojin/prac/install/tutorial_interfaces/local/lib/python3.10/dist-packages/tutorial_interfaces/__init__.py'...
[10.350s] Listing '/home/seojin/prac/install/tutorial_interfaces/local/lib/python3.10/dist-packages/tutorial_interfaces/msg'...
[10.350s] Compiling '/home/seojin/prac/install/tutorial_interfaces/local/lib/python3.10/dist-packages/tutorial_interfaces/msg/__init__.py'...
[10.351s] Compiling '/home/seojin/prac/install/tutorial_interfaces/local/lib/python3.10/dist-packages/tutorial_interfaces/msg/_num.py'...
[10.351s] Compiling '/home/seojin/prac/install/tutorial_interfaces/local/lib/python3.10/dist-packages/tutorial_interfaces/msg/_sphere.py'...
[10.351s] Listing '/home/seojin/prac/install/tutorial_interfaces/local/lib/python3.10/dist-packages/tutorial_interfaces/srv'...
[10.351s] Compiling '/home/seojin/prac/install/tutorial_interfaces/local/lib/python3.10/dist-packages/tutorial_interfaces/srv/__init__.py'...
[10.351s] Compiling '/home/seojin/prac/install/tutorial_interfaces/local/lib/python3.10/dist-packages/tutorial_interfaces/srv/_add_three_ints.py'...
[10.359s] -- Installing: /home/seojin/prac/install/tutorial_interfaces/local/lib/python3.10/dist-packages/tutorial_interfaces/tutorial_interfaces_s__rosidl_typesupport_fastrtps_c.cpython-310-x86_64-linux-gnu.so
[10.360s] -- Set runtime path of "/home/seojin/prac/install/tutorial_interfaces/local/lib/python3.10/dist-packages/tutorial_interfaces/tutorial_interfaces_s__rosidl_typesupport_fastrtps_c.cpython-310-x86_64-linux-gnu.so" to ""
[10.360s] -- Installing: /home/seojin/prac/install/tutorial_interfaces/local/lib/python3.10/dist-packages/tutorial_interfaces/tutorial_interfaces_s__rosidl_typesupport_introspection_c.cpython-310-x86_64-linux-gnu.so
[10.362s] -- Set runtime path of "/home/seojin/prac/install/tutorial_interfaces/local/lib/python3.10/dist-packages/tutorial_interfaces/tutorial_interfaces_s__rosidl_typesupport_introspection_c.cpython-310-x86_64-linux-gnu.so" to ""
[10.362s] -- Installing: /home/seojin/prac/install/tutorial_interfaces/local/lib/python3.10/dist-packages/tutorial_interfaces/tutorial_interfaces_s__rosidl_typesupport_c.cpython-310-x86_64-linux-gnu.so
[10.362s] -- Set runtime path of "/home/seojin/prac/install/tutorial_interfaces/local/lib/python3.10/dist-packages/tutorial_interfaces/tutorial_interfaces_s__rosidl_typesupport_c.cpython-310-x86_64-linux-gnu.so" to ""
[10.363s] -- Installing: /home/seojin/prac/install/tutorial_interfaces/lib/libtutorial_interfaces__rosidl_generator_py.so
[10.363s] -- Set runtime path of "/home/seojin/prac/install/tutorial_interfaces/lib/libtutorial_interfaces__rosidl_generator_py.so" to ""
[10.363s] -- Installing: /home/seojin/prac/install/tutorial_interfaces/share/tutorial_interfaces/msg/Num.idl
[10.363s] -- Installing: /home/seojin/prac/install/tutorial_interfaces/share/tutorial_interfaces/msg/Sphere.idl
[10.363s] -- Installing: /home/seojin/prac/install/tutorial_interfaces/share/tutorial_interfaces/srv/AddThreeInts.idl
[10.364s] -- Installing: /home/seojin/prac/install/tutorial_interfaces/share/tutorial_interfaces/msg/Num.msg
[10.364s] -- Installing: /home/seojin/prac/install/tutorial_interfaces/share/tutorial_interfaces/msg/Sphere.msg
[10.364s] -- Installing: /home/seojin/prac/install/tutorial_interfaces/share/tutorial_interfaces/srv/AddThreeInts.srv
[10.364s] -- Installing: /home/seojin/prac/install/tutorial_interfaces/share/tutorial_interfaces/srv/AddThreeInts_Request.msg
[10.365s] -- Installing: /home/seojin/prac/install/tutorial_interfaces/share/tutorial_interfaces/srv/AddThreeInts_Response.msg
[10.365s] -- Installing: /home/seojin/prac/install/tutorial_interfaces/share/ament_index/resource_index/package_run_dependencies/tutorial_interfaces
[10.365s] -- Installing: /home/seojin/prac/install/tutorial_interfaces/share/ament_index/resource_index/parent_prefix_path/tutorial_interfaces
[10.365s] -- Installing: /home/seojin/prac/install/tutorial_interfaces/share/tutorial_interfaces/environment/ament_prefix_path.sh
[10.365s] -- Installing: /home/seojin/prac/install/tutorial_interfaces/share/tutorial_interfaces/environment/ament_prefix_path.dsv
[10.366s] -- Installing: /home/seojin/prac/install/tutorial_interfaces/share/tutorial_interfaces/environment/path.sh
[10.366s] -- Installing: /home/seojin/prac/install/tutorial_interfaces/share/tutorial_interfaces/environment/path.dsv
[10.366s] -- Installing: /home/seojin/prac/install/tutorial_interfaces/share/tutorial_interfaces/local_setup.bash
[10.367s] -- Installing: /home/seojin/prac/install/tutorial_interfaces/share/tutorial_interfaces/local_setup.sh
[10.367s] -- Installing: /home/seojin/prac/install/tutorial_interfaces/share/tutorial_interfaces/local_setup.zsh
[10.367s] -- Installing: /home/seojin/prac/install/tutorial_interfaces/share/tutorial_interfaces/local_setup.dsv
[10.367s] -- Installing: /home/seojin/prac/install/tutorial_interfaces/share/tutorial_interfaces/package.dsv
[10.367s] -- Installing: /home/seojin/prac/install/tutorial_interfaces/share/ament_index/resource_index/packages/tutorial_interfaces
[10.368s] -- Installing: /home/seojin/prac/install/tutorial_interfaces/share/tutorial_interfaces/cmake/export_tutorial_interfaces__rosidl_generator_cExport.cmake
[10.368s] -- Installing: /home/seojin/prac/install/tutorial_interfaces/share/tutorial_interfaces/cmake/export_tutorial_interfaces__rosidl_generator_cExport-noconfig.cmake
[10.368s] -- Installing: /home/seojin/prac/install/tutorial_interfaces/share/tutorial_interfaces/cmake/export_tutorial_interfaces__rosidl_typesupport_fastrtps_cExport.cmake
[10.368s] -- Installing: /home/seojin/prac/install/tutorial_interfaces/share/tutorial_interfaces/cmake/export_tutorial_interfaces__rosidl_typesupport_fastrtps_cExport-noconfig.cmake
[10.368s] -- Installing: /home/seojin/prac/install/tutorial_interfaces/share/tutorial_interfaces/cmake/export_tutorial_interfaces__rosidl_generator_cppExport.cmake
[10.369s] -- Installing: /home/seojin/prac/install/tutorial_interfaces/share/tutorial_interfaces/cmake/export_tutorial_interfaces__rosidl_typesupport_fastrtps_cppExport.cmake
[10.369s] -- Installing: /home/seojin/prac/install/tutorial_interfaces/share/tutorial_interfaces/cmake/export_tutorial_interfaces__rosidl_typesupport_fastrtps_cppExport-noconfig.cmake
[10.369s] -- Installing: /home/seojin/prac/install/tutorial_interfaces/share/tutorial_interfaces/cmake/tutorial_interfaces__rosidl_typesupport_introspection_cExport.cmake
[10.369s] -- Installing: /home/seojin/prac/install/tutorial_interfaces/share/tutorial_interfaces/cmake/tutorial_interfaces__rosidl_typesupport_introspection_cExport-noconfig.cmake
[10.369s] -- Installing: /home/seojin/prac/install/tutorial_interfaces/share/tutorial_interfaces/cmake/tutorial_interfaces__rosidl_typesupport_cExport.cmake
[10.370s] -- Installing: /home/seojin/prac/install/tutorial_interfaces/share/tutorial_interfaces/cmake/tutorial_interfaces__rosidl_typesupport_cExport-noconfig.cmake
[10.370s] -- Installing: /home/seojin/prac/install/tutorial_interfaces/share/tutorial_interfaces/cmake/tutorial_interfaces__rosidl_typesupport_introspection_cppExport.cmake
[10.370s] -- Installing: /home/seojin/prac/install/tutorial_interfaces/share/tutorial_interfaces/cmake/tutorial_interfaces__rosidl_typesupport_introspection_cppExport-noconfig.cmake
[10.370s] -- Installing: /home/seojin/prac/install/tutorial_interfaces/share/tutorial_interfaces/cmake/tutorial_interfaces__rosidl_typesupport_cppExport.cmake
[10.371s] -- Installing: /home/seojin/prac/install/tutorial_interfaces/share/tutorial_interfaces/cmake/tutorial_interfaces__rosidl_typesupport_cppExport-noconfig.cmake
[10.371s] -- Installing: /home/seojin/prac/install/tutorial_interfaces/share/tutorial_interfaces/cmake/export_tutorial_interfaces__rosidl_generator_pyExport.cmake
[10.371s] -- Installing: /home/seojin/prac/install/tutorial_interfaces/share/tutorial_interfaces/cmake/export_tutorial_interfaces__rosidl_generator_pyExport-noconfig.cmake
[10.371s] -- Installing: /home/seojin/prac/install/tutorial_interfaces/share/tutorial_interfaces/cmake/rosidl_cmake-extras.cmake
[10.371s] -- Installing: /home/seojin/prac/install/tutorial_interfaces/share/tutorial_interfaces/cmake/ament_cmake_export_dependencies-extras.cmake
[10.371s] -- Installing: /home/seojin/prac/install/tutorial_interfaces/share/tutorial_interfaces/cmake/ament_cmake_export_include_directories-extras.cmake
[10.372s] -- Installing: /home/seojin/prac/install/tutorial_interfaces/share/tutorial_interfaces/cmake/ament_cmake_export_libraries-extras.cmake
[10.372s] -- Installing: /home/seojin/prac/install/tutorial_interfaces/share/tutorial_interfaces/cmake/ament_cmake_export_targets-extras.cmake
[10.372s] -- Installing: /home/seojin/prac/install/tutorial_interfaces/share/tutorial_interfaces/cmake/rosidl_cmake_export_typesupport_targets-extras.cmake
[10.375s] -- Installing: /home/seojin/prac/install/tutorial_interfaces/share/tutorial_interfaces/cmake/rosidl_cmake_export_typesupport_libraries-extras.cmake
[10.376s] -- Installing: /home/seojin/prac/install/tutorial_interfaces/share/tutorial_interfaces/cmake/tutorial_interfacesConfig.cmake
[10.376s] -- Installing: /home/seojin/prac/install/tutorial_interfaces/share/tutorial_interfaces/cmake/tutorial_interfacesConfig-version.cmake
[10.376s] -- Installing: /home/seojin/prac/install/tutorial_interfaces/share/tutorial_interfaces/package.xml
[10.377s] Invoked command in '/home/seojin/prac/build/tutorial_interfaces' returned '0': CMAKE_PREFIX_PATH=/home/seojin/prac/install/my_robot_controller:/opt/ros/humble /usr/bin/cmake --install /home/seojin/prac/build/tutorial_interfaces
