[0.015s] Invoking command in '/home/seojin/prac/build/tutorial_interfaces': CMAKE_PREFIX_PATH=${CMAKE_PREFIX_PATH}:/home/seojin/prac/install/my_robot_controller:/opt/ros/humble /usr/bin/cmake /home/seojin/prac/src/tutorial_interfaces -DCMAKE_INSTALL_PREFIX=/home/seojin/prac/install/tutorial_interfaces
[0.031s] -- Found ament_cmake: 1.3.9 (/opt/ros/humble/share/ament_cmake/cmake)
[0.182s] -- Override CMake install command with custom implementation using symlinks instead of copying resources
[0.190s] -- Found geometry_msgs: 4.2.4 (/opt/ros/humble/share/geometry_msgs/cmake)
[0.222s] -- Found rosidl_generator_c: 3.1.5 (/opt/ros/humble/share/rosidl_generator_c/cmake)
[0.225s] -- Found rosidl_adapter: 3.1.5 (/opt/ros/humble/share/rosidl_adapter/cmake)
[0.233s] -- Found rosidl_generator_cpp: 3.1.5 (/opt/ros/humble/share/rosidl_generator_cpp/cmake)
[0.246s] -- Using all available rosidl_typesupport_c: rosidl_typesupport_fastrtps_c;rosidl_typesupport_introspection_c
[0.265s] -- Using all available rosidl_typesupport_cpp: rosidl_typesupport_fastrtps_cpp;rosidl_typesupport_introspection_cpp
[0.406s] -- Found rosidl_default_generators: 1.2.0 (/opt/ros/humble/share/rosidl_default_generators/cmake)
[0.777s] -- Found ament_cmake_ros: 0.10.0 (/opt/ros/humble/share/ament_cmake_ros/cmake)
[1.321s] -- Using all available rosidl_typesupport_c: rosidl_typesupport_fastrtps_c;rosidl_typesupport_introspection_c
[1.574s] -- Using all available rosidl_typesupport_cpp: rosidl_typesupport_fastrtps_cpp;rosidl_typesupport_introspection_cpp
[1.606s] -- Found python_cmake_module: 0.10.0 (/opt/ros/humble/share/python_cmake_module/cmake)
[1.635s] -- Using PYTHON_EXECUTABLE: /usr/bin/python3
[1.635s] -- Using PYTHON_INCLUDE_DIRS: /usr/include/python3.10
[1.635s] -- Using PYTHON_LIBRARIES: /usr/lib/x86_64-linux-gnu/libpython3.10.so
[1.684s] -- Found ament_lint_auto: 0.12.11 (/opt/ros/humble/share/ament_lint_auto/cmake)
[1.708s] -- Added test 'lint_cmake' to check CMake code style
[1.710s] -- Added test 'xmllint' to check XML markup files
[1.716s] -- Configuring done
[1.794s] -- Generating done
[1.800s] -- Build files have been written to: /home/seojin/prac/build/tutorial_interfaces
[1.809s] Invoked command in '/home/seojin/prac/build/tutorial_interfaces' returned '0': CMAKE_PREFIX_PATH=${CMAKE_PREFIX_PATH}:/home/seojin/prac/install/my_robot_controller:/opt/ros/humble /usr/bin/cmake /home/seojin/prac/src/tutorial_interfaces -DCMAKE_INSTALL_PREFIX=/home/seojin/prac/install/tutorial_interfaces
[1.812s] Invoking command in '/home/seojin/prac/build/tutorial_interfaces': CMAKE_PREFIX_PATH=${CMAKE_PREFIX_PATH}:/home/seojin/prac/install/my_robot_controller:/opt/ros/humble /usr/bin/cmake --build /home/seojin/prac/build/tutorial_interfaces -- -j4 -l4
[1.863s] [35m[1mConsolidate compiler generated dependencies of target tutorial_interfaces__rosidl_generator_c[0m
[1.880s] failed to create symbolic link '/home/seojin/prac/build/tutorial_interfaces/ament_cmake_python/tutorial_interfaces/tutorial_interfaces' because existing path cannot be removed: Is a directory
[1.881s] [ 10%] Built target tutorial_interfaces__rosidl_generator_c
[1.881s] gmake[2]: *** [CMakeFiles/ament_cmake_python_symlink_tutorial_interfaces.dir/build.make:70: CMakeFiles/ament_cmake_python_symlink_tutorial_interfaces] Error 1
[1.882s] gmake[1]: *** [CMakeFiles/Makefile2:421: CMakeFiles/ament_cmake_python_symlink_tutorial_interfaces.dir/all] Error 2
[1.882s] gmake[1]: *** Waiting for unfinished jobs....
[1.883s] [ 12%] Built target tutorial_interfaces__cpp
[1.885s] gmake: *** [Makefile:146: all] Error 2
[1.887s] Invoked command in '/home/seojin/prac/build/tutorial_interfaces' returned '2': CMAKE_PREFIX_PATH=${CMAKE_PREFIX_PATH}:/home/seojin/prac/install/my_robot_controller:/opt/ros/humble /usr/bin/cmake --build /home/seojin/prac/build/tutorial_interfaces -- -j4 -l4
