[1.030s] Invoking command in '/home/seojin/prac/src/my_robot_controller': PYTHONPATH=/home/seojin/prac/build/my_robot_controller/prefix_override:/usr/lib/python3/dist-packages/colcon_core/task/python/colcon_distutils_commands:/home/seojin/prac/install/my_robot_controller/lib/python3.10/site-packages:${PYTHONPATH} /usr/bin/python3 -W ignore:setup.py install is deprecated setup.py egg_info --egg-base ../../build/my_robot_controller build --build-base /home/seojin/prac/build/my_robot_controller/build install --record /home/seojin/prac/build/my_robot_controller/install.log --single-version-externally-managed install_data
[1.366s] running egg_info
[1.367s] creating ../../build/my_robot_controller/my_robot_controller.egg-info
[1.367s] writing ../../build/my_robot_controller/my_robot_controller.egg-info/PKG-INFO
[1.368s] writing dependency_links to ../../build/my_robot_controller/my_robot_controller.egg-info/dependency_links.txt
[1.368s] writing entry points to ../../build/my_robot_controller/my_robot_controller.egg-info/entry_points.txt
[1.368s] writing requirements to ../../build/my_robot_controller/my_robot_controller.egg-info/requires.txt
[1.368s] writing top-level names to ../../build/my_robot_controller/my_robot_controller.egg-info/top_level.txt
[1.368s] writing manifest file '../../build/my_robot_controller/my_robot_controller.egg-info/SOURCES.txt'
[1.370s] reading manifest file '../../build/my_robot_controller/my_robot_controller.egg-info/SOURCES.txt'
[1.371s] writing manifest file '../../build/my_robot_controller/my_robot_controller.egg-info/SOURCES.txt'
[1.371s] running build
[1.371s] running build_py
[1.371s] creating /home/seojin/prac/build/my_robot_controller/build
[1.372s] creating /home/seojin/prac/build/my_robot_controller/build/lib
[1.372s] creating /home/seojin/prac/build/my_robot_controller/build/lib/my_robot_controller
[1.372s] copying my_robot_controller/__init__.py -> /home/seojin/prac/build/my_robot_controller/build/lib/my_robot_controller
[1.372s] running install
[1.372s] running install_lib
[1.374s] creating /home/seojin/prac/install/my_robot_controller/lib/python3.10/site-packages/my_robot_controller
[1.374s] copying /home/seojin/prac/build/my_robot_controller/build/lib/my_robot_controller/__init__.py -> /home/seojin/prac/install/my_robot_controller/lib/python3.10/site-packages/my_robot_controller
[1.374s] byte-compiling /home/seojin/prac/install/my_robot_controller/lib/python3.10/site-packages/my_robot_controller/__init__.py to __init__.cpython-310.pyc
[1.375s] running install_data
[1.375s] creating /home/seojin/prac/install/my_robot_controller/share/ament_index
[1.375s] creating /home/seojin/prac/install/my_robot_controller/share/ament_index/resource_index
[1.375s] creating /home/seojin/prac/install/my_robot_controller/share/ament_index/resource_index/packages
[1.375s] copying resource/my_robot_controller -> /home/seojin/prac/install/my_robot_controller/share/ament_index/resource_index/packages
[1.375s] copying package.xml -> /home/seojin/prac/install/my_robot_controller/share/my_robot_controller
[1.376s] running install_egg_info
[1.378s] Copying ../../build/my_robot_controller/my_robot_controller.egg-info to /home/seojin/prac/install/my_robot_controller/lib/python3.10/site-packages/my_robot_controller-0.0.0-py3.10.egg-info
[1.379s] running install_scripts
[1.403s] writing list of installed files to '/home/seojin/prac/build/my_robot_controller/install.log'
[1.432s] Invoked command in '/home/seojin/prac/src/my_robot_controller' returned '0': PYTHONPATH=/home/seojin/prac/build/my_robot_controller/prefix_override:/usr/lib/python3/dist-packages/colcon_core/task/python/colcon_distutils_commands:/home/seojin/prac/install/my_robot_controller/lib/python3.10/site-packages:${PYTHONPATH} /usr/bin/python3 -W ignore:setup.py install is deprecated setup.py egg_info --egg-base ../../build/my_robot_controller build --build-base /home/seojin/prac/build/my_robot_controller/build install --record /home/seojin/prac/build/my_robot_controller/install.log --single-version-externally-managed install_data
