running develop
/usr/lib/python3/dist-packages/setuptools/command/easy_install.py:158: EasyInstallDeprecationWarning: easy_install command is deprecated. Use build and pip and other standards-based tools.
  warnings.warn(
/usr/lib/python3/dist-packages/pkg_resources/__init__.py:116: PkgResourcesDeprecationWarning: 1.12.1-git20200711.33e2d80-dfsg1-0.6 is an invalid version and will not be supported in a future release
  warnings.warn(
running egg_info
writing my_robot_controller.egg-info/PKG-INFO
writing dependency_links to my_robot_controller.egg-info/dependency_links.txt
writing entry points to my_robot_controller.egg-info/entry_points.txt
writing requirements to my_robot_controller.egg-info/requires.txt
writing top-level names to my_robot_controller.egg-info/top_level.txt
reading manifest file 'my_robot_controller.egg-info/SOURCES.txt'
writing manifest file 'my_robot_controller.egg-info/SOURCES.txt'
running build_ext
Creating /home/seojin/prac/install/my_robot_controller/lib/python3.10/site-packages/my-robot-controller.egg-link (link to .)
Installing test_node = my_robot_controller.my_first_node:maindraw_circle script to /home/seojin/prac/install/my_robot_controller/lib/my_robot_controller

Installed /home/seojin/prac/build/my_robot_controller
running symlink_data
symbolically linking /home/seojin/prac/build/my_robot_controller/resource/my_robot_controller -> /home/seojin/prac/install/my_robot_controller/share/ament_index/resource_index/packages
symbolically linking /home/seojin/prac/build/my_robot_controller/package.xml -> /home/seojin/prac/install/my_robot_controller/share/my_robot_controller
