[0.886s] Invoking command in '/home/seojin/prac/build/my_robot_controller': PYTHONPATH=/home/seojin/prac/build/my_robot_controller/prefix_override:/usr/lib/python3/dist-packages/colcon_core/task/python/colcon_distutils_commands:/home/seojin/prac/install/my_robot_controller/lib/python3.10/site-packages:${PYTHONPATH} /usr/bin/python3 -W ignore:setup.py install is deprecated setup.py develop --editable --build-directory /home/seojin/prac/build/my_robot_controller/build --no-deps symlink_data --force
[1.247s] running develop
[1.248s] /usr/lib/python3/dist-packages/setuptools/command/easy_install.py:158: EasyInstallDeprecationWarning: easy_install command is deprecated. Use build and pip and other standards-based tools.
[1.248s]   warnings.warn(
[1.345s] /usr/lib/python3/dist-packages/pkg_resources/__init__.py:116: PkgResourcesDeprecationWarning: 1.12.1-git20200711.33e2d80-dfsg1-0.6 is an invalid version and will not be supported in a future release
[1.345s]   warnings.warn(
[1.540s] running egg_info
[1.541s] writing my_robot_controller.egg-info/PKG-INFO
[1.541s] writing dependency_links to my_robot_controller.egg-info/dependency_links.txt
[1.541s] writing entry points to my_robot_controller.egg-info/entry_points.txt
[1.541s] writing requirements to my_robot_controller.egg-info/requires.txt
[1.542s] writing top-level names to my_robot_controller.egg-info/top_level.txt
[1.544s] reading manifest file 'my_robot_controller.egg-info/SOURCES.txt'
[1.545s] writing manifest file 'my_robot_controller.egg-info/SOURCES.txt'
[1.584s] running build_ext
[1.585s] Creating /home/seojin/prac/install/my_robot_controller/lib/python3.10/site-packages/my-robot-controller.egg-link (link to .)
[1.586s] Installing test_node = my_robot_controller.my_first_node:maindraw_circle script to /home/seojin/prac/install/my_robot_controller/lib/my_robot_controller
[1.586s] 
[1.586s] Installed /home/seojin/prac/build/my_robot_controller
[1.586s] running symlink_data
[1.587s] symbolically linking /home/seojin/prac/build/my_robot_controller/resource/my_robot_controller -> /home/seojin/prac/install/my_robot_controller/share/ament_index/resource_index/packages
[1.587s] symbolically linking /home/seojin/prac/build/my_robot_controller/package.xml -> /home/seojin/prac/install/my_robot_controller/share/my_robot_controller
[1.628s] Invoked command in '/home/seojin/prac/build/my_robot_controller' returned '0': PYTHONPATH=/home/seojin/prac/build/my_robot_controller/prefix_override:/usr/lib/python3/dist-packages/colcon_core/task/python/colcon_distutils_commands:/home/seojin/prac/install/my_robot_controller/lib/python3.10/site-packages:${PYTHONPATH} /usr/bin/python3 -W ignore:setup.py install is deprecated setup.py develop --editable --build-directory /home/seojin/prac/build/my_robot_controller/build --no-deps symlink_data --force
