running develop
running egg_info
writing my_robot_controller.egg-info/PKG-INFO
writing dependency_links to my_robot_controller.egg-info/dependency_links.txt
writing entry points to my_robot_controller.egg-info/entry_points.txt
writing requirements to my_robot_controller.egg-info/requires.txt
writing top-level names to my_robot_controller.egg-info/top_level.txt
reading manifest file 'my_robot_controller.egg-info/SOURCES.txt'
writing manifest file 'my_robot_controller.egg-info/SOURCES.txt'
running build_ext
Creating /home/seojin/prac/install/my_robot_controller/lib/python3.10/site-packages/my-robot-controller.egg-link (link to .)
Installing data_subscriber script to /home/seojin/prac/install/my_robot_controller/lib/my_robot_controller
Installing draw_circle script to /home/seojin/prac/install/my_robot_controller/lib/my_robot_controller
Installing listener script to /home/seojin/prac/install/my_robot_controller/lib/my_robot_controller
Installing pose_subscriber script to /home/seojin/prac/install/my_robot_controller/lib/my_robot_controller
Installing publisher_node script to /home/seojin/prac/install/my_robot_controller/lib/my_robot_controller
Installing serial_reader script to /home/seojin/prac/install/my_robot_controller/lib/my_robot_controller
Installing subscriber_node script to /home/seojin/prac/install/my_robot_controller/lib/my_robot_controller
Installing talker script to /home/seojin/prac/install/my_robot_controller/lib/my_robot_controller
Installing test_node script to /home/seojin/prac/install/my_robot_controller/lib/my_robot_controller
Installing turtle_controller script to /home/seojin/prac/install/my_robot_controller/lib/my_robot_controller

Installed /home/seojin/prac/build/my_robot_controller
running symlink_data
symbolically linking /home/seojin/prac/build/my_robot_controller/resource/my_robot_controller -> /home/seojin/prac/install/my_robot_controller/share/ament_index/resource_index/packages
symbolically linking /home/seojin/prac/build/my_robot_controller/package.xml -> /home/seojin/prac/install/my_robot_controller/share/my_robot_controller
