[0.855s] Invoking command in '/home/seojin/prac/build/my_robot_controller': PYTHONPATH=/home/seojin/prac/build/my_robot_controller/prefix_override:/usr/lib/python3/dist-packages/colcon_core/task/python/colcon_distutils_commands:/home/seojin/prac/install/my_robot_controller/lib/python3.10/site-packages:${PYTHONPATH} /usr/bin/python3 -W ignore:setup.py install is deprecated setup.py develop --editable --build-directory /home/seojin/prac/build/my_robot_controller/build --no-deps symlink_data --force
[1.198s] running develop
[1.199s] /usr/lib/python3/dist-packages/setuptools/command/easy_install.py:158: EasyInstallDeprecationWarning: easy_install command is deprecated. Use build and pip and other standards-based tools.
[1.199s]   warnings.warn(
[1.285s] /usr/lib/python3/dist-packages/pkg_resources/__init__.py:116: PkgResourcesDeprecationWarning: 1.12.1-git20200711.33e2d80-dfsg1-0.6 is an invalid version and will not be supported in a future release
[1.285s]   warnings.warn(
[1.434s] running egg_info
[1.434s] writing my_robot_controller.egg-info/PKG-INFO
[1.434s] writing dependency_links to my_robot_controller.egg-info/dependency_links.txt
[1.434s] writing entry points to my_robot_controller.egg-info/entry_points.txt
[1.435s] writing requirements to my_robot_controller.egg-info/requires.txt
[1.435s] writing top-level names to my_robot_controller.egg-info/top_level.txt
[1.438s] reading manifest file 'my_robot_controller.egg-info/SOURCES.txt'
[1.439s] writing manifest file 'my_robot_controller.egg-info/SOURCES.txt'
[1.488s] running build_ext
[1.489s] Creating /home/seojin/prac/install/my_robot_controller/lib/python3.10/site-packages/my-robot-controller.egg-link (link to .)
[1.490s] Installing data_subscriber script to /home/seojin/prac/install/my_robot_controller/lib/my_robot_controller
[1.490s] Installing draw_circle script to /home/seojin/prac/install/my_robot_controller/lib/my_robot_controller
[1.490s] Installing listener script to /home/seojin/prac/install/my_robot_controller/lib/my_robot_controller
[1.491s] Installing pose_subscriber script to /home/seojin/prac/install/my_robot_controller/lib/my_robot_controller
[1.491s] Installing publisher_node script to /home/seojin/prac/install/my_robot_controller/lib/my_robot_controller
[1.491s] Installing serial_reader script to /home/seojin/prac/install/my_robot_controller/lib/my_robot_controller
[1.491s] Installing subscriber_node script to /home/seojin/prac/install/my_robot_controller/lib/my_robot_controller
[1.491s] Installing talker script to /home/seojin/prac/install/my_robot_controller/lib/my_robot_controller
[1.491s] Installing test_node script to /home/seojin/prac/install/my_robot_controller/lib/my_robot_controller
[1.491s] Installing turtle_controller script to /home/seojin/prac/install/my_robot_controller/lib/my_robot_controller
[1.492s] 
[1.492s] Installed /home/seojin/prac/build/my_robot_controller
[1.492s] running symlink_data
[1.492s] symbolically linking /home/seojin/prac/build/my_robot_controller/resource/my_robot_controller -> /home/seojin/prac/install/my_robot_controller/share/ament_index/resource_index/packages
[1.492s] symbolically linking /home/seojin/prac/build/my_robot_controller/package.xml -> /home/seojin/prac/install/my_robot_controller/share/my_robot_controller
[1.531s] Invoked command in '/home/seojin/prac/build/my_robot_controller' returned '0': PYTHONPATH=/home/seojin/prac/build/my_robot_controller/prefix_override:/usr/lib/python3/dist-packages/colcon_core/task/python/colcon_distutils_commands:/home/seojin/prac/install/my_robot_controller/lib/python3.10/site-packages:${PYTHONPATH} /usr/bin/python3 -W ignore:setup.py install is deprecated setup.py develop --editable --build-directory /home/seojin/prac/build/my_robot_controller/build --no-deps symlink_data --force
