[0.010s] Invoking command in '/home/seojin/prac/build/tutorial_interfaces': CMAKE_PREFIX_PATH=${CMAKE_PREFIX_PATH}:/home/seojin/prac/install/my_robot_controller:/opt/ros/humble /usr/bin/cmake /home/seojin/prac/src/tutorial_interfaces -DAMENT_CMAKE_SYMLINK_INSTALL=1 -DCMAKE_INSTALL_PREFIX=/home/seojin/prac/install/tutorial_interfaces
[0.026s] -- Found ament_cmake: 1.3.9 (/opt/ros/humble/share/ament_cmake/cmake)
[0.171s] -- Override CMake install command with custom implementation using symlinks instead of copying resources
[0.179s] -- Found geometry_msgs: 4.2.4 (/opt/ros/humble/share/geometry_msgs/cmake)
[0.209s] -- Found rosidl_generator_c: 3.1.5 (/opt/ros/humble/share/rosidl_generator_c/cmake)
[0.212s] -- Found rosidl_adapter: 3.1.5 (/opt/ros/humble/share/rosidl_adapter/cmake)
[0.219s] -- Found rosidl_generator_cpp: 3.1.5 (/opt/ros/humble/share/rosidl_generator_cpp/cmake)
[0.234s] -- Using all available rosidl_typesupport_c: rosidl_typesupport_fastrtps_c;rosidl_typesupport_introspection_c
[0.253s] -- Using all available rosidl_typesupport_cpp: rosidl_typesupport_fastrtps_cpp;rosidl_typesupport_introspection_cpp
[0.393s] -- Found rosidl_default_generators: 1.2.0 (/opt/ros/humble/share/rosidl_default_generators/cmake)
[0.771s] -- Found ament_cmake_ros: 0.10.0 (/opt/ros/humble/share/ament_cmake_ros/cmake)
[1.255s] -- Using all available rosidl_typesupport_c: rosidl_typesupport_fastrtps_c;rosidl_typesupport_introspection_c
[1.449s] -- Using all available rosidl_typesupport_cpp: rosidl_typesupport_fastrtps_cpp;rosidl_typesupport_introspection_cpp
[1.477s] -- Found python_cmake_module: 0.10.0 (/opt/ros/humble/share/python_cmake_module/cmake)
[1.503s] -- Using PYTHON_EXECUTABLE: /usr/bin/python3
[1.503s] -- Using PYTHON_INCLUDE_DIRS: /usr/include/python3.10
[1.503s] -- Using PYTHON_LIBRARIES: /usr/lib/x86_64-linux-gnu/libpython3.10.so
[1.550s] -- Found ament_lint_auto: 0.12.11 (/opt/ros/humble/share/ament_lint_auto/cmake)
[1.563s] -- Added test 'lint_cmake' to check CMake code style
[1.564s] -- Added test 'xmllint' to check XML markup files
[1.569s] -- Configuring done
[1.614s] -- Generating done
[1.618s] -- Build files have been written to: /home/seojin/prac/build/tutorial_interfaces
[1.627s] Invoked command in '/home/seojin/prac/build/tutorial_interfaces' returned '0': CMAKE_PREFIX_PATH=${CMAKE_PREFIX_PATH}:/home/seojin/prac/install/my_robot_controller:/opt/ros/humble /usr/bin/cmake /home/seojin/prac/src/tutorial_interfaces -DAMENT_CMAKE_SYMLINK_INSTALL=1 -DCMAKE_INSTALL_PREFIX=/home/seojin/prac/install/tutorial_interfaces
[1.629s] Invoking command in '/home/seojin/prac/build/tutorial_interfaces': CMAKE_PREFIX_PATH=${CMAKE_PREFIX_PATH}:/home/seojin/prac/install/my_robot_controller:/opt/ros/humble /usr/bin/cmake --build /home/seojin/prac/build/tutorial_interfaces -- -j4 -l4
[1.676s] [35m[1mConsolidate compiler generated dependencies of target tutorial_interfaces__rosidl_generator_c[0m
[1.686s] failed to create symbolic link '/home/seojin/prac/build/tutorial_interfaces/ament_cmake_python/tutorial_interfaces/tutorial_interfaces' because existing path cannot be removed: Is a directory
[1.687s] gmake[2]: *** [CMakeFiles/ament_cmake_python_symlink_tutorial_interfaces.dir/build.make:70: CMakeFiles/ament_cmake_python_symlink_tutorial_interfaces] Error 1
[1.688s] gmake[1]: *** [CMakeFiles/Makefile2:421: CMakeFiles/ament_cmake_python_symlink_tutorial_interfaces.dir/all] Error 2
[1.688s] gmake[1]: *** Waiting for unfinished jobs....
[1.691s] [  2%] Built target tutorial_interfaces__cpp
[1.691s] [ 12%] Built target tutorial_interfaces__rosidl_generator_c
[1.692s] gmake: *** [Makefile:146: all] Error 2
[1.695s] Invoked command in '/home/seojin/prac/build/tutorial_interfaces' returned '2': CMAKE_PREFIX_PATH=${CMAKE_PREFIX_PATH}:/home/seojin/prac/install/my_robot_controller:/opt/ros/humble /usr/bin/cmake --build /home/seojin/prac/build/tutorial_interfaces -- -j4 -l4
