[0.140s] DEBUG:colcon:Command line arguments: ['/usr/bin/colcon', 'build', '--packages-select', 'tutorial_interfaces']
[0.140s] DEBUG:colcon:Parsed command line arguments: Namespace(log_base=None, log_level=None, verb_name='build', build_base='build', install_base='install', merge_install=False, symlink_install=False, test_result_base=None, continue_on_error=False, executor='parallel', parallel_workers=4, event_handlers=None, ignore_user_meta=False, metas=['./colcon.meta'], base_paths=['.'], packages_ignore=None, packages_ignore_regex=None, paths=None, packages_up_to=None, packages_up_to_regex=None, packages_above=None, packages_above_and_dependencies=None, packages_above_depth=None, packages_select_by_dep=None, packages_skip_by_dep=None, packages_skip_up_to=None, packages_select_build_failed=False, packages_skip_build_finished=False, packages_select_test_failures=False, packages_skip_test_passed=False, packages_select=['tutorial_interfaces'], packages_skip=None, packages_select_regex=None, packages_skip_regex=None, packages_start=None, packages_end=None, allow_overriding=[], cmake_args=None, cmake_target=None, cmake_target_skip_unavailable=False, cmake_clean_cache=False, cmake_clean_first=False, cmake_force_configure=False, ament_cmake_args=None, catkin_cmake_args=None, catkin_skip_building_tests=False, mixin_files=None, mixin=None, verb_parser=<colcon_mixin.mixin.mixin_argument.MixinArgumentDecorator object at 0x7f7f6574ae60>, verb_extension=<colcon_core.verb.build.BuildVerb object at 0x7f7f6574a0b0>, main=<bound method BuildVerb.main of <colcon_core.verb.build.BuildVerb object at 0x7f7f6574a0b0>>, mixin_verb=('build',))
[0.367s] Level 1:colcon.colcon_core.package_discovery:discover_packages(colcon_meta) check parameters
[0.367s] Level 1:colcon.colcon_core.package_discovery:discover_packages(recursive) check parameters
[0.367s] Level 1:colcon.colcon_core.package_discovery:discover_packages(ignore) check parameters
[0.367s] Level 1:colcon.colcon_core.package_discovery:discover_packages(path) check parameters
[0.367s] Level 1:colcon.colcon_core.package_discovery:discover_packages(colcon_meta) discover
[0.367s] Level 1:colcon.colcon_core.package_discovery:discover_packages(recursive) discover
[0.367s] INFO:colcon.colcon_core.package_discovery:Crawling recursively for packages in '/home/seojin/prac'
[0.367s] Level 1:colcon.colcon_core.package_identification:_identify(.) by extensions ['ignore', 'ignore_ament_install']
[0.367s] Level 1:colcon.colcon_core.package_identification:_identify(.) by extension 'ignore'
[0.367s] Level 1:colcon.colcon_core.package_identification:_identify(.) by extension 'ignore_ament_install'
[0.367s] Level 1:colcon.colcon_core.package_identification:_identify(.) by extensions ['colcon_pkg']
[0.368s] Level 1:colcon.colcon_core.package_identification:_identify(.) by extension 'colcon_pkg'
[0.368s] Level 1:colcon.colcon_core.package_identification:_identify(.) by extensions ['colcon_meta']
[0.368s] Level 1:colcon.colcon_core.package_identification:_identify(.) by extension 'colcon_meta'
[0.368s] Level 1:colcon.colcon_core.package_identification:_identify(.) by extensions ['ros']
[0.368s] Level 1:colcon.colcon_core.package_identification:_identify(.) by extension 'ros'
[0.387s] Level 1:colcon.colcon_core.package_identification:_identify(.) by extensions ['cmake', 'python']
[0.387s] Level 1:colcon.colcon_core.package_identification:_identify(.) by extension 'cmake'
[0.387s] Level 1:colcon.colcon_core.package_identification:_identify(.) by extension 'python'
[0.387s] Level 1:colcon.colcon_core.package_identification:_identify(.) by extensions ['python_setup_py']
[0.387s] Level 1:colcon.colcon_core.package_identification:_identify(.) by extension 'python_setup_py'
[0.387s] Level 1:colcon.colcon_core.package_identification:_identify(build) by extensions ['ignore', 'ignore_ament_install']
[0.387s] Level 1:colcon.colcon_core.package_identification:_identify(build) by extension 'ignore'
[0.387s] Level 1:colcon.colcon_core.package_identification:_identify(build) ignored
[0.388s] Level 1:colcon.colcon_core.package_identification:_identify(install) by extensions ['ignore', 'ignore_ament_install']
[0.388s] Level 1:colcon.colcon_core.package_identification:_identify(install) by extension 'ignore'
[0.388s] Level 1:colcon.colcon_core.package_identification:_identify(install) ignored
[0.388s] Level 1:colcon.colcon_core.package_identification:_identify(log) by extensions ['ignore', 'ignore_ament_install']
[0.388s] Level 1:colcon.colcon_core.package_identification:_identify(log) by extension 'ignore'
[0.388s] Level 1:colcon.colcon_core.package_identification:_identify(log) ignored
[0.388s] Level 1:colcon.colcon_core.package_identification:_identify(src) by extensions ['ignore', 'ignore_ament_install']
[0.388s] Level 1:colcon.colcon_core.package_identification:_identify(src) by extension 'ignore'
[0.388s] Level 1:colcon.colcon_core.package_identification:_identify(src) by extension 'ignore_ament_install'
[0.388s] Level 1:colcon.colcon_core.package_identification:_identify(src) by extensions ['colcon_pkg']
[0.388s] Level 1:colcon.colcon_core.package_identification:_identify(src) by extension 'colcon_pkg'
[0.388s] Level 1:colcon.colcon_core.package_identification:_identify(src) by extensions ['colcon_meta']
[0.388s] Level 1:colcon.colcon_core.package_identification:_identify(src) by extension 'colcon_meta'
[0.388s] Level 1:colcon.colcon_core.package_identification:_identify(src) by extensions ['ros']
[0.389s] Level 1:colcon.colcon_core.package_identification:_identify(src) by extension 'ros'
[0.389s] Level 1:colcon.colcon_core.package_identification:_identify(src) by extensions ['cmake', 'python']
[0.389s] Level 1:colcon.colcon_core.package_identification:_identify(src) by extension 'cmake'
[0.389s] Level 1:colcon.colcon_core.package_identification:_identify(src) by extension 'python'
[0.389s] Level 1:colcon.colcon_core.package_identification:_identify(src) by extensions ['python_setup_py']
[0.389s] Level 1:colcon.colcon_core.package_identification:_identify(src) by extension 'python_setup_py'
[0.389s] Level 1:colcon.colcon_core.package_identification:_identify(src/my_robot_controller) by extensions ['ignore', 'ignore_ament_install']
[0.389s] Level 1:colcon.colcon_core.package_identification:_identify(src/my_robot_controller) by extension 'ignore'
[0.389s] Level 1:colcon.colcon_core.package_identification:_identify(src/my_robot_controller) by extension 'ignore_ament_install'
[0.389s] Level 1:colcon.colcon_core.package_identification:_identify(src/my_robot_controller) by extensions ['colcon_pkg']
[0.389s] Level 1:colcon.colcon_core.package_identification:_identify(src/my_robot_controller) by extension 'colcon_pkg'
[0.389s] Level 1:colcon.colcon_core.package_identification:_identify(src/my_robot_controller) by extensions ['colcon_meta']
[0.389s] Level 1:colcon.colcon_core.package_identification:_identify(src/my_robot_controller) by extension 'colcon_meta'
[0.389s] Level 1:colcon.colcon_core.package_identification:_identify(src/my_robot_controller) by extensions ['ros']
[0.389s] Level 1:colcon.colcon_core.package_identification:_identify(src/my_robot_controller) by extension 'ros'
[0.393s] DEBUG:colcon.colcon_core.package_identification:Package 'src/my_robot_controller' with type 'ros.ament_python' and name 'my_robot_controller'
[0.393s] Level 1:colcon.colcon_core.package_identification:_identify(src/tutorial_interfaces) by extensions ['ignore', 'ignore_ament_install']
[0.393s] Level 1:colcon.colcon_core.package_identification:_identify(src/tutorial_interfaces) by extension 'ignore'
[0.393s] Level 1:colcon.colcon_core.package_identification:_identify(src/tutorial_interfaces) by extension 'ignore_ament_install'
[0.394s] Level 1:colcon.colcon_core.package_identification:_identify(src/tutorial_interfaces) by extensions ['colcon_pkg']
[0.394s] Level 1:colcon.colcon_core.package_identification:_identify(src/tutorial_interfaces) by extension 'colcon_pkg'
[0.394s] Level 1:colcon.colcon_core.package_identification:_identify(src/tutorial_interfaces) by extensions ['colcon_meta']
[0.394s] Level 1:colcon.colcon_core.package_identification:_identify(src/tutorial_interfaces) by extension 'colcon_meta'
[0.394s] Level 1:colcon.colcon_core.package_identification:_identify(src/tutorial_interfaces) by extensions ['ros']
[0.394s] Level 1:colcon.colcon_core.package_identification:_identify(src/tutorial_interfaces) by extension 'ros'
[0.395s] DEBUG:colcon.colcon_core.package_identification:Package 'src/tutorial_interfaces' with type 'ros.ament_cmake' and name 'tutorial_interfaces'
[0.395s] Level 1:colcon.colcon_core.package_discovery:discover_packages(recursive) using defaults
[0.395s] Level 1:colcon.colcon_core.package_discovery:discover_packages(ignore) discover
[0.395s] Level 1:colcon.colcon_core.package_discovery:discover_packages(ignore) using defaults
[0.395s] Level 1:colcon.colcon_core.package_discovery:discover_packages(path) discover
[0.395s] Level 1:colcon.colcon_core.package_discovery:discover_packages(path) using defaults
[0.436s] INFO:colcon.colcon_core.package_selection:Skipping not selected package 'my_robot_controller' in 'src/my_robot_controller'
[0.436s] Level 1:colcon.colcon_core.package_discovery:discover_packages(prefix_path) check parameters
[0.436s] Level 1:colcon.colcon_core.package_discovery:discover_packages(prefix_path) discover
[0.438s] DEBUG:colcon.colcon_installed_package_information.package_discovery:Found 1 installed packages in /home/seojin/prac/install
[0.440s] DEBUG:colcon.colcon_installed_package_information.package_discovery:Found 270 installed packages in /opt/ros/humble
[0.441s] Level 1:colcon.colcon_core.package_discovery:discover_packages(prefix_path) using defaults
[0.485s] Level 5:colcon.colcon_core.verb:set package 'tutorial_interfaces' build argument 'cmake_args' from command line to 'None'
[0.485s] Level 5:colcon.colcon_core.verb:set package 'tutorial_interfaces' build argument 'cmake_target' from command line to 'None'
[0.485s] Level 5:colcon.colcon_core.verb:set package 'tutorial_interfaces' build argument 'cmake_target_skip_unavailable' from command line to 'False'
[0.486s] Level 5:colcon.colcon_core.verb:set package 'tutorial_interfaces' build argument 'cmake_clean_cache' from command line to 'False'
[0.486s] Level 5:colcon.colcon_core.verb:set package 'tutorial_interfaces' build argument 'cmake_clean_first' from command line to 'False'
[0.486s] Level 5:colcon.colcon_core.verb:set package 'tutorial_interfaces' build argument 'cmake_force_configure' from command line to 'False'
[0.486s] Level 5:colcon.colcon_core.verb:set package 'tutorial_interfaces' build argument 'ament_cmake_args' from command line to 'None'
[0.486s] Level 5:colcon.colcon_core.verb:set package 'tutorial_interfaces' build argument 'catkin_cmake_args' from command line to 'None'
[0.486s] Level 5:colcon.colcon_core.verb:set package 'tutorial_interfaces' build argument 'catkin_skip_building_tests' from command line to 'False'
[0.486s] DEBUG:colcon.colcon_core.verb:Building package 'tutorial_interfaces' with the following arguments: {'ament_cmake_args': None, 'build_base': '/home/seojin/prac/build/tutorial_interfaces', 'catkin_cmake_args': None, 'catkin_skip_building_tests': False, 'cmake_args': None, 'cmake_clean_cache': False, 'cmake_clean_first': False, 'cmake_force_configure': False, 'cmake_target': None, 'cmake_target_skip_unavailable': False, 'install_base': '/home/seojin/prac/install/tutorial_interfaces', 'merge_install': False, 'path': '/home/seojin/prac/src/tutorial_interfaces', 'symlink_install': False, 'test_result_base': None}
[0.486s] INFO:colcon.colcon_core.executor:Executing jobs using 'parallel' executor
[0.487s] DEBUG:colcon.colcon_parallel_executor.executor.parallel:run_until_complete
[0.487s] INFO:colcon.colcon_ros.task.ament_cmake.build:Building ROS package in '/home/seojin/prac/src/tutorial_interfaces' with build type 'ament_cmake'
[0.487s] INFO:colcon.colcon_cmake.task.cmake.build:Building CMake package in '/home/seojin/prac/src/tutorial_interfaces'
[0.490s] INFO:colcon.colcon_core.plugin_system:Skipping extension 'colcon_core.shell.bat': Not used on non-Windows systems
[0.491s] INFO:colcon.colcon_core.shell:Skip shell extension 'powershell' for command environment: Not usable outside of PowerShell
[0.491s] DEBUG:colcon.colcon_core.shell:Skip shell extension 'dsv' for command environment
[0.501s] DEBUG:colcon.colcon_core.event_handler.log_command:Invoking command in '/home/seojin/prac/build/tutorial_interfaces': CMAKE_PREFIX_PATH=/home/seojin/prac/install/my_robot_controller:/opt/ros/humble /usr/bin/cmake /home/seojin/prac/src/tutorial_interfaces -DCMAKE_INSTALL_PREFIX=/home/seojin/prac/install/tutorial_interfaces
[2.525s] DEBUG:colcon.colcon_core.event_handler.log_command:Invoked command in '/home/seojin/prac/build/tutorial_interfaces' returned '0': CMAKE_PREFIX_PATH=/home/seojin/prac/install/my_robot_controller:/opt/ros/humble /usr/bin/cmake /home/seojin/prac/src/tutorial_interfaces -DCMAKE_INSTALL_PREFIX=/home/seojin/prac/install/tutorial_interfaces
[2.528s] DEBUG:colcon.colcon_core.event_handler.log_command:Invoking command in '/home/seojin/prac/build/tutorial_interfaces': CMAKE_PREFIX_PATH=/home/seojin/prac/install/my_robot_controller:/opt/ros/humble /usr/bin/cmake --build /home/seojin/prac/build/tutorial_interfaces -- -j4 -l4
[10.610s] DEBUG:colcon.colcon_core.event_handler.log_command:Invoked command in '/home/seojin/prac/build/tutorial_interfaces' returned '0': CMAKE_PREFIX_PATH=/home/seojin/prac/install/my_robot_controller:/opt/ros/humble /usr/bin/cmake --build /home/seojin/prac/build/tutorial_interfaces -- -j4 -l4
[10.734s] DEBUG:colcon.colcon_core.event_handler.log_command:Invoking command in '/home/seojin/prac/build/tutorial_interfaces': CMAKE_PREFIX_PATH=/home/seojin/prac/install/my_robot_controller:/opt/ros/humble /usr/bin/cmake --install /home/seojin/prac/build/tutorial_interfaces
[10.864s] Level 1:colcon.colcon_core.environment:create_environment_scripts_only(tutorial_interfaces)
[10.865s] DEBUG:colcon.colcon_core.event_handler.log_command:Invoked command in '/home/seojin/prac/build/tutorial_interfaces' returned '0': CMAKE_PREFIX_PATH=/home/seojin/prac/install/my_robot_controller:/opt/ros/humble /usr/bin/cmake --install /home/seojin/prac/build/tutorial_interfaces
[10.869s] Level 1:colcon.colcon_core.environment:checking '/home/seojin/prac/install/tutorial_interfaces' for CMake module files
[10.870s] Level 1:colcon.colcon_core.environment:checking '/home/seojin/prac/install/tutorial_interfaces' for CMake config files
[10.871s] Level 1:colcon.colcon_core.shell:create_environment_hook('tutorial_interfaces', 'cmake_prefix_path')
[10.871s] INFO:colcon.colcon_core.shell:Creating environment hook '/home/seojin/prac/install/tutorial_interfaces/share/tutorial_interfaces/hook/cmake_prefix_path.ps1'
[10.872s] INFO:colcon.colcon_core.shell:Creating environment descriptor '/home/seojin/prac/install/tutorial_interfaces/share/tutorial_interfaces/hook/cmake_prefix_path.dsv'
[10.873s] INFO:colcon.colcon_core.shell:Creating environment hook '/home/seojin/prac/install/tutorial_interfaces/share/tutorial_interfaces/hook/cmake_prefix_path.sh'
[10.875s] Level 1:colcon.colcon_core.environment:checking '/home/seojin/prac/install/tutorial_interfaces/lib'
[10.875s] Level 1:colcon.colcon_core.shell:create_environment_hook('tutorial_interfaces', 'ld_library_path_lib')
[10.875s] INFO:colcon.colcon_core.shell:Creating environment hook '/home/seojin/prac/install/tutorial_interfaces/share/tutorial_interfaces/hook/ld_library_path_lib.ps1'
[10.876s] INFO:colcon.colcon_core.shell:Creating environment descriptor '/home/seojin/prac/install/tutorial_interfaces/share/tutorial_interfaces/hook/ld_library_path_lib.dsv'
[10.877s] INFO:colcon.colcon_core.shell:Creating environment hook '/home/seojin/prac/install/tutorial_interfaces/share/tutorial_interfaces/hook/ld_library_path_lib.sh'
[10.879s] Level 1:colcon.colcon_core.environment:checking '/home/seojin/prac/install/tutorial_interfaces/bin'
[10.879s] Level 1:colcon.colcon_core.environment:checking '/home/seojin/prac/install/tutorial_interfaces/lib/pkgconfig/tutorial_interfaces.pc'
[10.879s] Level 1:colcon.colcon_core.environment:checking '/home/seojin/prac/install/tutorial_interfaces/lib/python3.10/site-packages'
[10.880s] Level 1:colcon.colcon_core.environment:checking '/home/seojin/prac/install/tutorial_interfaces/bin'
[10.880s] INFO:colcon.colcon_core.shell:Creating package script '/home/seojin/prac/install/tutorial_interfaces/share/tutorial_interfaces/package.ps1'
[10.882s] INFO:colcon.colcon_core.shell:Creating package descriptor '/home/seojin/prac/install/tutorial_interfaces/share/tutorial_interfaces/package.dsv'
[10.884s] INFO:colcon.colcon_core.shell:Creating package script '/home/seojin/prac/install/tutorial_interfaces/share/tutorial_interfaces/package.sh'
[10.885s] INFO:colcon.colcon_core.shell:Creating package script '/home/seojin/prac/install/tutorial_interfaces/share/tutorial_interfaces/package.bash'
[10.887s] INFO:colcon.colcon_core.shell:Creating package script '/home/seojin/prac/install/tutorial_interfaces/share/tutorial_interfaces/package.zsh'
[10.888s] Level 1:colcon.colcon_core.environment:create_file_with_runtime_dependencies(/home/seojin/prac/install/tutorial_interfaces/share/colcon-core/packages/tutorial_interfaces)
[10.994s] Level 1:colcon.colcon_core.environment:create_environment_scripts_only(tutorial_interfaces)
[10.995s] Level 1:colcon.colcon_core.environment:checking '/home/seojin/prac/install/tutorial_interfaces' for CMake module files
[10.996s] Level 1:colcon.colcon_core.environment:checking '/home/seojin/prac/install/tutorial_interfaces' for CMake config files
[10.996s] Level 1:colcon.colcon_core.shell:create_environment_hook('tutorial_interfaces', 'cmake_prefix_path')
[10.997s] INFO:colcon.colcon_core.shell:Creating environment hook '/home/seojin/prac/install/tutorial_interfaces/share/tutorial_interfaces/hook/cmake_prefix_path.ps1'
[10.997s] INFO:colcon.colcon_core.shell:Creating environment descriptor '/home/seojin/prac/install/tutorial_interfaces/share/tutorial_interfaces/hook/cmake_prefix_path.dsv'
[10.998s] INFO:colcon.colcon_core.shell:Creating environment hook '/home/seojin/prac/install/tutorial_interfaces/share/tutorial_interfaces/hook/cmake_prefix_path.sh'
[10.998s] Level 1:colcon.colcon_core.environment:checking '/home/seojin/prac/install/tutorial_interfaces/lib'
[10.998s] Level 1:colcon.colcon_core.shell:create_environment_hook('tutorial_interfaces', 'ld_library_path_lib')
[10.999s] INFO:colcon.colcon_core.shell:Creating environment hook '/home/seojin/prac/install/tutorial_interfaces/share/tutorial_interfaces/hook/ld_library_path_lib.ps1'
[10.999s] INFO:colcon.colcon_core.shell:Creating environment descriptor '/home/seojin/prac/install/tutorial_interfaces/share/tutorial_interfaces/hook/ld_library_path_lib.dsv'
[10.999s] INFO:colcon.colcon_core.shell:Creating environment hook '/home/seojin/prac/install/tutorial_interfaces/share/tutorial_interfaces/hook/ld_library_path_lib.sh'
[11.000s] Level 1:colcon.colcon_core.environment:checking '/home/seojin/prac/install/tutorial_interfaces/bin'
[11.000s] Level 1:colcon.colcon_core.environment:checking '/home/seojin/prac/install/tutorial_interfaces/lib/pkgconfig/tutorial_interfaces.pc'
[11.000s] Level 1:colcon.colcon_core.environment:checking '/home/seojin/prac/install/tutorial_interfaces/lib/python3.10/site-packages'
[11.001s] Level 1:colcon.colcon_core.environment:checking '/home/seojin/prac/install/tutorial_interfaces/bin'
[11.001s] INFO:colcon.colcon_core.shell:Creating package script '/home/seojin/prac/install/tutorial_interfaces/share/tutorial_interfaces/package.ps1'
[11.002s] INFO:colcon.colcon_core.shell:Creating package descriptor '/home/seojin/prac/install/tutorial_interfaces/share/tutorial_interfaces/package.dsv'
[11.002s] INFO:colcon.colcon_core.shell:Creating package script '/home/seojin/prac/install/tutorial_interfaces/share/tutorial_interfaces/package.sh'
[11.003s] INFO:colcon.colcon_core.shell:Creating package script '/home/seojin/prac/install/tutorial_interfaces/share/tutorial_interfaces/package.bash'
[11.003s] INFO:colcon.colcon_core.shell:Creating package script '/home/seojin/prac/install/tutorial_interfaces/share/tutorial_interfaces/package.zsh'
[11.004s] Level 1:colcon.colcon_core.environment:create_file_with_runtime_dependencies(/home/seojin/prac/install/tutorial_interfaces/share/colcon-core/packages/tutorial_interfaces)
[11.004s] DEBUG:colcon.colcon_parallel_executor.executor.parallel:closing loop
[11.005s] DEBUG:colcon.colcon_parallel_executor.executor.parallel:loop closed
[11.005s] DEBUG:colcon.colcon_parallel_executor.executor.parallel:run_until_complete finished with '0'
[11.005s] DEBUG:colcon.colcon_core.event_reactor:joining thread
[11.013s] INFO:colcon.colcon_core.plugin_system:Skipping extension 'colcon_notification.desktop_notification.terminal_notifier': Not used on non-Darwin systems
[11.014s] INFO:colcon.colcon_core.plugin_system:Skipping extension 'colcon_notification.desktop_notification.win32': Not used on non-Windows systems
[11.014s] INFO:colcon.colcon_notification.desktop_notification:Sending desktop notification using 'notify2'
[11.034s] DEBUG:colcon.colcon_core.event_reactor:joined thread
[11.035s] INFO:colcon.colcon_core.shell:Creating prefix script '/home/seojin/prac/install/local_setup.ps1'
[11.036s] INFO:colcon.colcon_core.shell:Creating prefix util module '/home/seojin/prac/install/_local_setup_util_ps1.py'
[11.040s] INFO:colcon.colcon_core.shell:Creating prefix chain script '/home/seojin/prac/install/setup.ps1'
[11.046s] INFO:colcon.colcon_core.shell:Creating prefix script '/home/seojin/prac/install/local_setup.sh'
[11.047s] INFO:colcon.colcon_core.shell:Creating prefix util module '/home/seojin/prac/install/_local_setup_util_sh.py'
[11.048s] INFO:colcon.colcon_core.shell:Creating prefix chain script '/home/seojin/prac/install/setup.sh'
[11.049s] INFO:colcon.colcon_core.shell:Creating prefix script '/home/seojin/prac/install/local_setup.bash'
[11.051s] INFO:colcon.colcon_core.shell:Creating prefix chain script '/home/seojin/prac/install/setup.bash'
[11.053s] INFO:colcon.colcon_core.shell:Creating prefix script '/home/seojin/prac/install/local_setup.zsh'
[11.055s] INFO:colcon.colcon_core.shell:Creating prefix chain script '/home/seojin/prac/install/setup.zsh'
