running egg_info
writing ../../build/my_robot_controller/my_robot_controller.egg-info/PKG-INFO
writing dependency_links to ../../build/my_robot_controller/my_robot_controller.egg-info/dependency_links.txt
writing entry points to ../../build/my_robot_controller/my_robot_controller.egg-info/entry_points.txt
writing requirements to ../../build/my_robot_controller/my_robot_controller.egg-info/requires.txt
writing top-level names to ../../build/my_robot_controller/my_robot_controller.egg-info/top_level.txt
reading manifest file '../../build/my_robot_controller/my_robot_controller.egg-info/SOURCES.txt'
writing manifest file '../../build/my_robot_controller/my_robot_controller.egg-info/SOURCES.txt'
running build
running build_py
copying my_robot_controller/data_subscriber.py -> /home/seojin/prac/build/my_robot_controller/build/lib/my_robot_controller
copying my_robot_controller/serial_reader.py -> /home/seojin/prac/build/my_robot_controller/build/lib/my_robot_controller
running install
running install_lib
copying /home/seojin/prac/build/my_robot_controller/build/lib/my_robot_controller/data_subscriber.py -> /home/seojin/prac/install/my_robot_controller/lib/python3.10/site-packages/my_robot_controller
copying /home/seojin/prac/build/my_robot_controller/build/lib/my_robot_controller/serial_reader.py -> /home/seojin/prac/install/my_robot_controller/lib/python3.10/site-packages/my_robot_controller
byte-compiling /home/seojin/prac/install/my_robot_controller/lib/python3.10/site-packages/my_robot_controller/data_subscriber.py to data_subscriber.cpython-310.pyc
byte-compiling /home/seojin/prac/install/my_robot_controller/lib/python3.10/site-packages/my_robot_controller/serial_reader.py to serial_reader.cpython-310.pyc
running install_data
copying package.xml -> /home/seojin/prac/install/my_robot_controller/share/my_robot_controller
running install_egg_info
removing '/home/seojin/prac/install/my_robot_controller/lib/python3.10/site-packages/my_robot_controller-0.0.0-py3.10.egg-info' (and everything under it)
Copying ../../build/my_robot_controller/my_robot_controller.egg-info to /home/seojin/prac/install/my_robot_controller/lib/python3.10/site-packages/my_robot_controller-0.0.0-py3.10.egg-info
running install_scripts
Installing data_subscriber script to /home/seojin/prac/install/my_robot_controller/lib/my_robot_controller
Installing draw_circle script to /home/seojin/prac/install/my_robot_controller/lib/my_robot_controller
Installing listener script to /home/seojin/prac/install/my_robot_controller/lib/my_robot_controller
Installing pose_subscriber script to /home/seojin/prac/install/my_robot_controller/lib/my_robot_controller
Installing publisher_node script to /home/seojin/prac/install/my_robot_controller/lib/my_robot_controller
Installing serial_node script to /home/seojin/prac/install/my_robot_controller/lib/my_robot_controller
Installing subscriber_node script to /home/seojin/prac/install/my_robot_controller/lib/my_robot_controller
Installing talker script to /home/seojin/prac/install/my_robot_controller/lib/my_robot_controller
Installing test_node script to /home/seojin/prac/install/my_robot_controller/lib/my_robot_controller
Installing turtle_controller script to /home/seojin/prac/install/my_robot_controller/lib/my_robot_controller
writing list of installed files to '/home/seojin/prac/build/my_robot_controller/install.log'
