[1.040s] Invoking command in '/home/seojin/prac/src/my_robot_controller': PYTHONPATH=/home/seojin/prac/build/my_robot_controller/prefix_override:/usr/lib/python3/dist-packages/colcon_core/task/python/colcon_distutils_commands:/home/seojin/prac/install/my_robot_controller/lib/python3.10/site-packages:${PYTHONPATH} /usr/bin/python3 -W ignore:setup.py install is deprecated setup.py egg_info --egg-base ../../build/my_robot_controller build --build-base /home/seojin/prac/build/my_robot_controller/build install --record /home/seojin/prac/build/my_robot_controller/install.log --single-version-externally-managed install_data
[1.397s] running egg_info
[1.398s] writing ../../build/my_robot_controller/my_robot_controller.egg-info/PKG-INFO
[1.401s] writing dependency_links to ../../build/my_robot_controller/my_robot_controller.egg-info/dependency_links.txt
[1.401s] writing entry points to ../../build/my_robot_controller/my_robot_controller.egg-info/entry_points.txt
[1.402s] writing requirements to ../../build/my_robot_controller/my_robot_controller.egg-info/requires.txt
[1.402s] writing top-level names to ../../build/my_robot_controller/my_robot_controller.egg-info/top_level.txt
[1.405s] reading manifest file '../../build/my_robot_controller/my_robot_controller.egg-info/SOURCES.txt'
[1.408s] writing manifest file '../../build/my_robot_controller/my_robot_controller.egg-info/SOURCES.txt'
[1.408s] running build
[1.408s] running build_py
[1.409s] copying my_robot_controller/data_subscriber.py -> /home/seojin/prac/build/my_robot_controller/build/lib/my_robot_controller
[1.409s] copying my_robot_controller/serial_reader.py -> /home/seojin/prac/build/my_robot_controller/build/lib/my_robot_controller
[1.412s] running install
[1.413s] running install_lib
[1.414s] copying /home/seojin/prac/build/my_robot_controller/build/lib/my_robot_controller/data_subscriber.py -> /home/seojin/prac/install/my_robot_controller/lib/python3.10/site-packages/my_robot_controller
[1.415s] copying /home/seojin/prac/build/my_robot_controller/build/lib/my_robot_controller/serial_reader.py -> /home/seojin/prac/install/my_robot_controller/lib/python3.10/site-packages/my_robot_controller
[1.416s] byte-compiling /home/seojin/prac/install/my_robot_controller/lib/python3.10/site-packages/my_robot_controller/data_subscriber.py to data_subscriber.cpython-310.pyc
[1.417s] byte-compiling /home/seojin/prac/install/my_robot_controller/lib/python3.10/site-packages/my_robot_controller/serial_reader.py to serial_reader.cpython-310.pyc
[1.418s] running install_data
[1.418s] copying package.xml -> /home/seojin/prac/install/my_robot_controller/share/my_robot_controller
[1.418s] running install_egg_info
[1.422s] removing '/home/seojin/prac/install/my_robot_controller/lib/python3.10/site-packages/my_robot_controller-0.0.0-py3.10.egg-info' (and everything under it)
[1.422s] Copying ../../build/my_robot_controller/my_robot_controller.egg-info to /home/seojin/prac/install/my_robot_controller/lib/python3.10/site-packages/my_robot_controller-0.0.0-py3.10.egg-info
[1.424s] running install_scripts
[1.461s] Installing data_subscriber script to /home/seojin/prac/install/my_robot_controller/lib/my_robot_controller
[1.462s] Installing draw_circle script to /home/seojin/prac/install/my_robot_controller/lib/my_robot_controller
[1.462s] Installing listener script to /home/seojin/prac/install/my_robot_controller/lib/my_robot_controller
[1.462s] Installing pose_subscriber script to /home/seojin/prac/install/my_robot_controller/lib/my_robot_controller
[1.463s] Installing publisher_node script to /home/seojin/prac/install/my_robot_controller/lib/my_robot_controller
[1.463s] Installing serial_node script to /home/seojin/prac/install/my_robot_controller/lib/my_robot_controller
[1.463s] Installing subscriber_node script to /home/seojin/prac/install/my_robot_controller/lib/my_robot_controller
[1.463s] Installing talker script to /home/seojin/prac/install/my_robot_controller/lib/my_robot_controller
[1.463s] Installing test_node script to /home/seojin/prac/install/my_robot_controller/lib/my_robot_controller
[1.464s] Installing turtle_controller script to /home/seojin/prac/install/my_robot_controller/lib/my_robot_controller
[1.464s] writing list of installed files to '/home/seojin/prac/build/my_robot_controller/install.log'
[1.509s] Invoked command in '/home/seojin/prac/src/my_robot_controller' returned '0': PYTHONPATH=/home/seojin/prac/build/my_robot_controller/prefix_override:/usr/lib/python3/dist-packages/colcon_core/task/python/colcon_distutils_commands:/home/seojin/prac/install/my_robot_controller/lib/python3.10/site-packages:${PYTHONPATH} /usr/bin/python3 -W ignore:setup.py install is deprecated setup.py egg_info --egg-base ../../build/my_robot_controller build --build-base /home/seojin/prac/build/my_robot_controller/build install --record /home/seojin/prac/build/my_robot_controller/install.log --single-version-externally-managed install_data
