[0.850s] Invoking command in '/home/seojin/prac/src/my_robot_controller': PYTHONPATH=/home/seojin/prac/build/my_robot_controller/prefix_override:/usr/lib/python3/dist-packages/colcon_core/task/python/colcon_distutils_commands:/home/seojin/prac/install/my_robot_controller/lib/python3.10/site-packages:${PYTHONPATH} /usr/bin/python3 -W ignore:setup.py install is deprecated setup.py egg_info --egg-base ../../build/my_robot_controller build --build-base /home/seojin/prac/build/my_robot_controller/build install --record /home/seojin/prac/build/my_robot_controller/install.log --single-version-externally-managed install_data
[1.173s] running egg_info
[1.174s] writing ../../build/my_robot_controller/my_robot_controller.egg-info/PKG-INFO
[1.174s] writing dependency_links to ../../build/my_robot_controller/my_robot_controller.egg-info/dependency_links.txt
[1.174s] writing entry points to ../../build/my_robot_controller/my_robot_controller.egg-info/entry_points.txt
[1.174s] writing requirements to ../../build/my_robot_controller/my_robot_controller.egg-info/requires.txt
[1.175s] writing top-level names to ../../build/my_robot_controller/my_robot_controller.egg-info/top_level.txt
[1.178s] reading manifest file '../../build/my_robot_controller/my_robot_controller.egg-info/SOURCES.txt'
[1.181s] writing manifest file '../../build/my_robot_controller/my_robot_controller.egg-info/SOURCES.txt'
[1.181s] running build
[1.182s] running build_py
[1.182s] copying my_robot_controller/publisher_node.py -> /home/seojin/prac/build/my_robot_controller/build/lib/my_robot_controller
[1.182s] copying my_robot_controller/yolo.py -> /home/seojin/prac/build/my_robot_controller/build/lib/my_robot_controller
[1.182s] copying my_robot_controller/subscriber_node.py -> /home/seojin/prac/build/my_robot_controller/build/lib/my_robot_controller
[1.182s] copying my_robot_controller/talker.py -> /home/seojin/prac/build/my_robot_controller/build/lib/my_robot_controller
[1.183s] running install
[1.183s] running install_lib
[1.184s] copying /home/seojin/prac/build/my_robot_controller/build/lib/my_robot_controller/publisher_node.py -> /home/seojin/prac/install/my_robot_controller/lib/python3.10/site-packages/my_robot_controller
[1.185s] copying /home/seojin/prac/build/my_robot_controller/build/lib/my_robot_controller/yolo.py -> /home/seojin/prac/install/my_robot_controller/lib/python3.10/site-packages/my_robot_controller
[1.185s] copying /home/seojin/prac/build/my_robot_controller/build/lib/my_robot_controller/subscriber_node.py -> /home/seojin/prac/install/my_robot_controller/lib/python3.10/site-packages/my_robot_controller
[1.185s] copying /home/seojin/prac/build/my_robot_controller/build/lib/my_robot_controller/talker.py -> /home/seojin/prac/install/my_robot_controller/lib/python3.10/site-packages/my_robot_controller
[1.186s] byte-compiling /home/seojin/prac/install/my_robot_controller/lib/python3.10/site-packages/my_robot_controller/publisher_node.py to publisher_node.cpython-310.pyc
[1.187s] byte-compiling /home/seojin/prac/install/my_robot_controller/lib/python3.10/site-packages/my_robot_controller/yolo.py to yolo.cpython-310.pyc
[1.188s] byte-compiling /home/seojin/prac/install/my_robot_controller/lib/python3.10/site-packages/my_robot_controller/subscriber_node.py to subscriber_node.cpython-310.pyc
[1.188s] byte-compiling /home/seojin/prac/install/my_robot_controller/lib/python3.10/site-packages/my_robot_controller/talker.py to talker.cpython-310.pyc
[1.189s] running install_data
[1.189s] running install_egg_info
[1.191s] removing '/home/seojin/prac/install/my_robot_controller/lib/python3.10/site-packages/my_robot_controller-0.0.0-py3.10.egg-info' (and everything under it)
[1.192s] Copying ../../build/my_robot_controller/my_robot_controller.egg-info to /home/seojin/prac/install/my_robot_controller/lib/python3.10/site-packages/my_robot_controller-0.0.0-py3.10.egg-info
[1.193s] running install_scripts
[1.217s] Installing draw_circle script to /home/seojin/prac/install/my_robot_controller/lib/my_robot_controller
[1.217s] Installing listener script to /home/seojin/prac/install/my_robot_controller/lib/my_robot_controller
[1.217s] Installing pose_subscriber script to /home/seojin/prac/install/my_robot_controller/lib/my_robot_controller
[1.218s] Installing publisher_node script to /home/seojin/prac/install/my_robot_controller/lib/my_robot_controller
[1.218s] Installing subscriber_node script to /home/seojin/prac/install/my_robot_controller/lib/my_robot_controller
[1.218s] Installing talker script to /home/seojin/prac/install/my_robot_controller/lib/my_robot_controller
[1.218s] Installing test_node script to /home/seojin/prac/install/my_robot_controller/lib/my_robot_controller
[1.218s] Installing turtle_controller script to /home/seojin/prac/install/my_robot_controller/lib/my_robot_controller
[1.219s] writing list of installed files to '/home/seojin/prac/build/my_robot_controller/install.log'
[1.254s] Invoked command in '/home/seojin/prac/src/my_robot_controller' returned '0': PYTHONPATH=/home/seojin/prac/build/my_robot_controller/prefix_override:/usr/lib/python3/dist-packages/colcon_core/task/python/colcon_distutils_commands:/home/seojin/prac/install/my_robot_controller/lib/python3.10/site-packages:${PYTHONPATH} /usr/bin/python3 -W ignore:setup.py install is deprecated setup.py egg_info --egg-base ../../build/my_robot_controller build --build-base /home/seojin/prac/build/my_robot_controller/build install --record /home/seojin/prac/build/my_robot_controller/install.log --single-version-externally-managed install_data
