[0.012s] Invoking command in '/home/seojin/prac/build/tutorial_interfaces': /usr/bin/cmake /home/seojin/prac/src/tutorial_interfaces -DCMAKE_INSTALL_PREFIX=/home/seojin/prac/install/tutorial_interfaces
[0.166s] -- The C compiler identification is GNU 11.4.0
[0.320s] -- The CXX compiler identification is GNU 11.4.0
[0.332s] -- Detecting C compiler ABI info
[0.410s] -- Detecting C compiler ABI info - done
[0.419s] -- Check for working C compiler: /usr/bin/cc - skipped
[0.419s] -- Detecting C compile features
[0.420s] -- Detecting C compile features - done
[0.424s] -- Detecting CXX compiler ABI info
[0.513s] -- Detecting CXX compiler ABI info - done
[0.524s] -- Check for working CXX compiler: /usr/bin/c++ - skipped
[0.524s] -- Detecting CXX compile features
[0.524s] -- Detecting CXX compile features - done
[0.531s] -- Found ament_cmake: 1.3.9 (/opt/ros/humble/share/ament_cmake/cmake)
[0.710s] -- Found Python3: /usr/bin/python3 (found version "3.10.12") found components: Interpreter 
[0.822s] -- Found rosidl_default_generators: 1.2.0 (/opt/ros/humble/share/rosidl_default_generators/cmake)
[0.826s] -- Using all available rosidl_typesupport_c: rosidl_typesupport_fastrtps_c;rosidl_typesupport_introspection_c
[0.835s] -- Found rosidl_adapter: 3.1.5 (/opt/ros/humble/share/rosidl_adapter/cmake)
[0.893s] -- Using all available rosidl_typesupport_cpp: rosidl_typesupport_fastrtps_cpp;rosidl_typesupport_introspection_cpp
[0.943s] -- Found geometry_msgs: 4.2.4 (/opt/ros/humble/share/geometry_msgs/cmake)
[1.112s] [31mCMake Error at CMakeLists.txt:13 (rosidl_default_generators):
[1.112s]   Unknown CMake command "rosidl_default_generators".
[1.112s] 
[1.112s] [0m
[1.112s] -- Configuring incomplete, errors occurred!
[1.113s] See also "/home/seojin/prac/build/tutorial_interfaces/CMakeFiles/CMakeOutput.log".
[1.119s] Invoked command in '/home/seojin/prac/build/tutorial_interfaces' returned '1': /usr/bin/cmake /home/seojin/prac/src/tutorial_interfaces -DCMAKE_INSTALL_PREFIX=/home/seojin/prac/install/tutorial_interfaces
