[0.894s] Invoking command in '/home/seojin/prac/src/my_robot_controller': PYTHONPATH=/home/seojin/prac/build/my_robot_controller/prefix_override:/usr/lib/python3/dist-packages/colcon_core/task/python/colcon_distutils_commands:/home/seojin/prac/install/my_robot_controller/lib/python3.10/site-packages:${PYTHONPATH} /usr/bin/python3 -W ignore:setup.py install is deprecated setup.py egg_info --egg-base ../../build/my_robot_controller build --build-base /home/seojin/prac/build/my_robot_controller/build install --record /home/seojin/prac/build/my_robot_controller/install.log --single-version-externally-managed install_data
[1.232s] running egg_info
[1.233s] writing ../../build/my_robot_controller/my_robot_controller.egg-info/PKG-INFO
[1.234s] writing dependency_links to ../../build/my_robot_controller/my_robot_controller.egg-info/dependency_links.txt
[1.234s] writing entry points to ../../build/my_robot_controller/my_robot_controller.egg-info/entry_points.txt
[1.234s] writing requirements to ../../build/my_robot_controller/my_robot_controller.egg-info/requires.txt
[1.234s] writing top-level names to ../../build/my_robot_controller/my_robot_controller.egg-info/top_level.txt
[1.236s] reading manifest file '../../build/my_robot_controller/my_robot_controller.egg-info/SOURCES.txt'
[1.237s] writing manifest file '../../build/my_robot_controller/my_robot_controller.egg-info/SOURCES.txt'
[1.237s] running build
[1.238s] running build_py
[1.238s] running install
[1.238s] running install_lib
[1.241s] running install_data
[1.241s] running install_egg_info
[1.243s] removing '/home/seojin/prac/install/my_robot_controller/lib/python3.10/site-packages/my_robot_controller-0.0.0-py3.10.egg-info' (and everything under it)
[1.243s] Copying ../../build/my_robot_controller/my_robot_controller.egg-info to /home/seojin/prac/install/my_robot_controller/lib/python3.10/site-packages/my_robot_controller-0.0.0-py3.10.egg-info
[1.244s] running install_scripts
[1.269s] Installing draw_circle script to /home/seojin/prac/install/my_robot_controller/lib/my_robot_controller
[1.269s] Installing test_node script to /home/seojin/prac/install/my_robot_controller/lib/my_robot_controller
[1.269s] writing list of installed files to '/home/seojin/prac/build/my_robot_controller/install.log'
[1.299s] Invoked command in '/home/seojin/prac/src/my_robot_controller' returned '0': PYTHONPATH=/home/seojin/prac/build/my_robot_controller/prefix_override:/usr/lib/python3/dist-packages/colcon_core/task/python/colcon_distutils_commands:/home/seojin/prac/install/my_robot_controller/lib/python3.10/site-packages:${PYTHONPATH} /usr/bin/python3 -W ignore:setup.py install is deprecated setup.py egg_info --egg-base ../../build/my_robot_controller build --build-base /home/seojin/prac/build/my_robot_controller/build install --record /home/seojin/prac/build/my_robot_controller/install.log --single-version-externally-managed install_data
