[0.958s] Invoking command in '/home/seojin/prac/src/my_robot_controller': PYTHONPATH=/home/seojin/prac/build/my_robot_controller/prefix_override:/usr/lib/python3/dist-packages/colcon_core/task/python/colcon_distutils_commands:/home/seojin/prac/install/my_robot_controller/lib/python3.10/site-packages:${PYTHONPATH} /usr/bin/python3 -W ignore:setup.py install is deprecated setup.py egg_info --egg-base ../../build/my_robot_controller build --build-base /home/seojin/prac/build/my_robot_controller/build install --record /home/seojin/prac/build/my_robot_controller/install.log --single-version-externally-managed install_data
[1.333s] running egg_info
[1.334s] writing ../../build/my_robot_controller/my_robot_controller.egg-info/PKG-INFO
[1.334s] writing dependency_links to ../../build/my_robot_controller/my_robot_controller.egg-info/dependency_links.txt
[1.334s] writing entry points to ../../build/my_robot_controller/my_robot_controller.egg-info/entry_points.txt
[1.334s] writing requirements to ../../build/my_robot_controller/my_robot_controller.egg-info/requires.txt
[1.335s] writing top-level names to ../../build/my_robot_controller/my_robot_controller.egg-info/top_level.txt
[1.337s] reading manifest file '../../build/my_robot_controller/my_robot_controller.egg-info/SOURCES.txt'
[1.338s] writing manifest file '../../build/my_robot_controller/my_robot_controller.egg-info/SOURCES.txt'
[1.339s] running build
[1.339s] running build_py
[1.339s] copying my_robot_controller/my_first_node.py -> /home/seojin/prac/build/my_robot_controller/build/lib/my_robot_controller
[1.339s] copying my_robot_controller/pose_subscriber.py -> /home/seojin/prac/build/my_robot_controller/build/lib/my_robot_controller
[1.339s] copying my_robot_controller/draw_circle.py -> /home/seojin/prac/build/my_robot_controller/build/lib/my_robot_controller
[1.340s] copying my_robot_controller/turtle_controller.py -> /home/seojin/prac/build/my_robot_controller/build/lib/my_robot_controller
[1.340s] running install
[1.340s] running install_lib
[1.343s] copying /home/seojin/prac/build/my_robot_controller/build/lib/my_robot_controller/my_first_node.py -> /home/seojin/prac/install/my_robot_controller/lib/python3.10/site-packages/my_robot_controller
[1.343s] copying /home/seojin/prac/build/my_robot_controller/build/lib/my_robot_controller/pose_subscriber.py -> /home/seojin/prac/install/my_robot_controller/lib/python3.10/site-packages/my_robot_controller
[1.343s] copying /home/seojin/prac/build/my_robot_controller/build/lib/my_robot_controller/draw_circle.py -> /home/seojin/prac/install/my_robot_controller/lib/python3.10/site-packages/my_robot_controller
[1.343s] copying /home/seojin/prac/build/my_robot_controller/build/lib/my_robot_controller/turtle_controller.py -> /home/seojin/prac/install/my_robot_controller/lib/python3.10/site-packages/my_robot_controller
[1.343s] byte-compiling /home/seojin/prac/install/my_robot_controller/lib/python3.10/site-packages/my_robot_controller/my_first_node.py to my_first_node.cpython-310.pyc
[1.344s] byte-compiling /home/seojin/prac/install/my_robot_controller/lib/python3.10/site-packages/my_robot_controller/pose_subscriber.py to pose_subscriber.cpython-310.pyc
[1.344s] byte-compiling /home/seojin/prac/install/my_robot_controller/lib/python3.10/site-packages/my_robot_controller/draw_circle.py to draw_circle.cpython-310.pyc
[1.345s] byte-compiling /home/seojin/prac/install/my_robot_controller/lib/python3.10/site-packages/my_robot_controller/turtle_controller.py to turtle_controller.cpython-310.pyc
[1.345s] running install_data
[1.345s] running install_egg_info
[1.348s] removing '/home/seojin/prac/install/my_robot_controller/lib/python3.10/site-packages/my_robot_controller-0.0.0-py3.10.egg-info' (and everything under it)
[1.348s] Copying ../../build/my_robot_controller/my_robot_controller.egg-info to /home/seojin/prac/install/my_robot_controller/lib/python3.10/site-packages/my_robot_controller-0.0.0-py3.10.egg-info
[1.349s] running install_scripts
[1.374s] Installing test_node script to /home/seojin/prac/install/my_robot_controller/lib/my_robot_controller
[1.374s] writing list of installed files to '/home/seojin/prac/build/my_robot_controller/install.log'
[1.406s] Invoked command in '/home/seojin/prac/src/my_robot_controller' returned '0': PYTHONPATH=/home/seojin/prac/build/my_robot_controller/prefix_override:/usr/lib/python3/dist-packages/colcon_core/task/python/colcon_distutils_commands:/home/seojin/prac/install/my_robot_controller/lib/python3.10/site-packages:${PYTHONPATH} /usr/bin/python3 -W ignore:setup.py install is deprecated setup.py egg_info --egg-base ../../build/my_robot_controller build --build-base /home/seojin/prac/build/my_robot_controller/build install --record /home/seojin/prac/build/my_robot_controller/install.log --single-version-externally-managed install_data
